Log file open, 09/17/17 21:26:15
LogInit:Display: Running engine for game: MyProject
LogPlatformFile: Not using cached read wrapper
LogInit:Display: RandInit(1851794449) SRandInit(1851794449).
LogTaskGraph: Started task graph with 5 named threads and 6 total threads with 1 sets of task threads.
LogStats: Stats thread started at 0.203000
LogInit: Using libcurl 7.47.1
LogInit:  - built for x86_64-pc-win32
LogInit:  - supports SSL with OpenSSL/1.0.2g
LogInit:  - supports HTTP deflate (compression) using libz 1.2.8
LogInit:  - other features:
LogInit:      CURL_VERSION_SSL
LogInit:      CURL_VERSION_LIBZ
LogInit:      CURL_VERSION_IPV6
LogInit:      CURL_VERSION_ASYNCHDNS
LogInit:      CURL_VERSION_LARGEFILE
LogInit:      CURL_VERSION_IDN
LogInit:  CurlRequestOptions (configurable via config and command line):
LogInit:  - bVerifyPeer = false  - Libcurl will NOT verify peer certificate
LogInit:  - bUseHttpProxy = false  - Libcurl will NOT use HTTP proxy
LogInit:  - bDontReuseConnections = false  - Libcurl will reuse connections
LogInit:  - CertBundlePath = nullptr  - Libcurl will use whatever was configured at build time.
LogInit: Build: ++UE4+Release-4.16-CL-3561208
LogInit: Engine Version: 4.16.3-3561208+++UE4+Release-4.16
LogInit: Compatible Engine Version: 4.16.0-3452394+++UE4+Release-4.16
LogInit: Net CL: 3452394
LogDevObjectVersion: Number of dev versions registered: 16
LogDevObjectVersion:   Dev-Blueprints (B0D832E4-1F89-4F0D-ACCF-7EB736FD4AA2): 9
LogDevObjectVersion:   Dev-Build (E1C64328-A22C-4D53-A36C-8E866417BD8C): 0
LogDevObjectVersion:   Dev-Core (375EC13C-06E4-48FB-B500-84F0262A717E): 2
LogDevObjectVersion:   Dev-Editor (E4B068ED-F494-42E9-A231-DA0B2E46BB41): 17
LogDevObjectVersion:   Dev-Framework (CFFC743F-43B0-4480-9391-14DF171D2073): 23
LogDevObjectVersion:   Dev-Mobile (B02B49B5-BB20-44E9-A304-32B752E40360): 0
LogDevObjectVersion:   Dev-Networking (A4E4105C-59A1-49B5-A7C5-40C4547EDFEE): 0
LogDevObjectVersion:   Dev-Online (39C831C9-5AE6-47DC-9A44-9C173E1C8E7C): 0
LogDevObjectVersion:   Dev-Physics (78F01B33-EBEA-4F98-B9B4-84EACCB95AA2): 0
LogDevObjectVersion:   Dev-Platform (6631380F-2D4D-43E0-8009-CF276956A95A): 0
LogDevObjectVersion:   Dev-Rendering (12F88B9F-8875-4AFC-A67C-D90C383ABD29): 15
LogDevObjectVersion:   Dev-Sequencer (7B5AE74C-D270-4C10-A958-57980B212A5A): 4
LogDevObjectVersion:   Dev-VR (D7296918-1DD6-4BDD-9DE2-64A83CC13884): 0
LogDevObjectVersion:   Dev-LoadTimes (C2A15278-BFE7-4AFE-6C17-90FF531DF755): 1
LogDevObjectVersion:   Private-Geometry (6EACA3D4-40EC-4CC1-B786-8BED09428FC5): 1
LogDevObjectVersion:   Dev-AnimPhys (29E575DD-E0A3-4627-9D10-D276232CDCEA): 3
LogInit: Compiled (64-bit): Jul 28 2017 11:49:47
LogInit: Compiled with Visual C++: 19.00.24215.01
LogInit: Build Configuration: Development
LogInit: Branch Name: ++UE4+Release-4.16
LogInit: Command line:  
LogInit: Base directory: C:/Program Files/Epic Games/UE_4.16/Engine/Binaries/Win64/
LogInit: Installed Engine Build: 1
LogInit: Presizing for max 8388607 objects, including 0 objects not considered by GC, pre-allocating 0 bytes for permanent pool.
LogInit: Object subsystem initialized
[2017.09.18-02.26.17:603][  0]LogInit: Selected Device Profile: [Windows]
[2017.09.18-02.26.17:603][  0]LogInit: Applying CVar settings loaded from the selected device profile: [Windows]
[2017.09.18-02.26.17:628][  0]LogInit: Computer: DESKTOP-UF70I4N
[2017.09.18-02.26.17:628][  0]LogInit: User: RVR
[2017.09.18-02.26.17:628][  0]LogInit: CPU Page size=4096, Cores=2
[2017.09.18-02.26.17:628][  0]LogInit: High frequency timer resolution =2.533193 MHz
[2017.09.18-02.26.17:629][  0]LogMemory: Memory total: Physical=7.9GB (8GB approx)
[2017.09.18-02.26.17:629][  0]LogMemory: Platform Memory Stats for Windows
[2017.09.18-02.26.17:629][  0]LogMemory: Process Physical Memory: 272.56 MB used, 272.56 MB peak
[2017.09.18-02.26.17:629][  0]LogMemory: Process Virtual Memory: 266.17 MB used, 266.17 MB peak
[2017.09.18-02.26.17:629][  0]LogMemory: Physical Memory: 5319.74 MB used,  2753.22 MB free, 8072.96 MB total
[2017.09.18-02.26.17:629][  0]LogMemory: Virtual Memory: 642.15 MB used,  2753.22 MB free, 134217728.00 MB total
[2017.09.18-02.26.17:836][  0]LogInit: Using OS detected language (es-ES).
[2017.09.18-02.26.17:836][  0]LogInit: Using OS detected locale (es-MX).
[2017.09.18-02.26.17:840][  0]LogTextLocalizationManager: No specific localization for 'es-ES' exists, so the 'es' localization will be used.
[2017.09.18-02.26.24:355][  0]LogD3D11RHI: D3D11 adapters:
[2017.09.18-02.26.24:365][  0]LogD3D11RHI:    0. 'Intel(R) HD Graphics Family' (Feature Level 11_0)
[2017.09.18-02.26.24:365][  0]LogD3D11RHI:       112/0/2048 MB DedicatedVideo/DedicatedSystem/SharedSystem, Outputs:1, VendorId:0x8086
[2017.09.18-02.26.24:368][  0]LogD3D11RHI:    1. 'Microsoft Basic Render Driver' (Feature Level 11_0)
[2017.09.18-02.26.24:368][  0]LogD3D11RHI:       0/0/4036 MB DedicatedVideo/DedicatedSystem/SharedSystem, Outputs:0, VendorId:0x1414
[2017.09.18-02.26.24:368][  0]LogD3D11RHI: Chosen D3D11 Adapter: 0
[2017.09.18-02.26.24:380][  0]LogD3D11RHI: Creating new Direct3DDevice
[2017.09.18-02.26.24:380][  0]LogD3D11RHI:     GPU DeviceId: 0xa16 (for the marketing name, search the web for "GPU Device Id")
[2017.09.18-02.26.24:380][  0]LogWindows: EnumDisplayDevices:
[2017.09.18-02.26.24:380][  0]LogWindows:    0. 'Intel(R) HD Graphics Family' (P:1 D:1)
[2017.09.18-02.26.24:380][  0]LogWindows:    1. 'Intel(R) HD Graphics Family' (P:0 D:0)
[2017.09.18-02.26.24:381][  0]LogWindows:    2. 'Intel(R) HD Graphics Family' (P:0 D:0)
[2017.09.18-02.26.24:381][  0]LogWindows: DebugString: FoundDriverCount:3 
[2017.09.18-02.26.24:381][  0]LogD3D11RHI:     Adapter Name: Intel(R) HD Graphics Family
[2017.09.18-02.26.24:381][  0]LogD3D11RHI:   Driver Version: 20.19.15.4531 (internal:20.19.15.4531, unified:20.19.15.4531)
[2017.09.18-02.26.24:381][  0]LogD3D11RHI:      Driver Date: 9-29-2016
[2017.09.18-02.26.24:381][  0]LogRHI: Texture pool is 795 MB (70% of 1136 MB)
[2017.09.18-02.26.24:389][  0]LogD3D11RHI: Async texture creation enabled
[2017.09.18-02.26.24:399][  0]LogD3D11RHI: GPU Timing Frequency: 12.500000 (Debug: 2 0)
[2017.09.18-02.26.24:400][  0]LogShaderCompilers: Guid format shader working directory is -19 characters bigger than the processId version (../../../../../../Users/RVR_/Documents/Unreal Projects/MyProject/Intermediate/Shaders/WorkingDirectory/9240/).
[2017.09.18-02.26.24:424][  0]LogShaderCompilers: Cleaned the shader compiler working directory 'C:/Users/RVR_/AppData/Local/Temp/UnrealShaderWorkingDir/7F763AC148EDCF67415A24B29CB39BDA/'.
[2017.09.18-02.26.24:424][  0]LogShaderCompilers:Display: Using Local Shader Compiler.
[2017.09.18-02.26.36:167][  0]LogTemp:Display: Loaded TP AllDesktopTargetPlatform
[2017.09.18-02.26.36:366][  0]LogTemp:Display: Loaded TP MacClientTargetPlatform
[2017.09.18-02.26.36:549][  0]LogTemp:Display: Loaded TP MacNoEditorTargetPlatform
[2017.09.18-02.26.36:740][  0]LogTemp:Display: Loaded TP MacServerTargetPlatform
[2017.09.18-02.26.36:972][  0]LogTemp:Display: Loaded TP MacTargetPlatform
[2017.09.18-02.26.37:143][  0]LogTemp:Display: Loaded TP WindowsClientTargetPlatform
[2017.09.18-02.26.37:338][  0]LogTemp:Display: Loaded TP WindowsNoEditorTargetPlatform
[2017.09.18-02.26.37:508][  0]LogTemp:Display: Loaded TP WindowsServerTargetPlatform
[2017.09.18-02.26.37:677][  0]LogTemp:Display: Loaded TP WindowsTargetPlatform
[2017.09.18-02.26.37:868][  0]LogTemp:Display: Loaded TP AndroidTargetPlatform
[2017.09.18-02.26.38:044][  0]LogTemp:Display: Loaded TP Android_ASTCTargetPlatform
[2017.09.18-02.26.38:219][  0]LogTemp:Display: Loaded TP Android_ATCTargetPlatform
[2017.09.18-02.26.38:377][  0]LogTemp:Display: Loaded TP Android_DXTTargetPlatform
[2017.09.18-02.26.38:585][  0]LogTemp:Display: Loaded TP Android_ETC1TargetPlatform
[2017.09.18-02.26.38:763][  0]LogTemp:Display: Loaded TP Android_ETC2TargetPlatform
[2017.09.18-02.26.39:086][  0]LogTemp:Display: Loaded TP Android_MultiTargetPlatform
[2017.09.18-02.26.39:086][  0]LogTemp:Display: Loaded TP Android_PVRTCTargetPlatform
[2017.09.18-02.26.39:243][  0]LogTemp:Display: Loaded TP HTML5TargetPlatform
[2017.09.18-02.26.39:573][  0]LogTemp:Display: Loaded TP IOSTargetPlatform
[2017.09.18-02.26.39:669][  0]LogTemp:Display: Loaded TP TVOSTargetPlatform
[2017.09.18-02.26.39:864][  0]LogTemp:Display: Loaded TP LinuxClientTargetPlatform
[2017.09.18-02.26.40:127][  0]LogTemp:Display: Loaded TP LinuxNoEditorTargetPlatform
[2017.09.18-02.26.40:319][  0]LogTemp:Display: Loaded TP LinuxServerTargetPlatform
[2017.09.18-02.26.40:540][  0]LogTemp:Display: Loaded TP LinuxTargetPlatform
[2017.09.18-02.26.40:540][  0]LogTargetPlatformManager:Display: Building Assets For Windows
[2017.09.18-02.26.42:724][  0]LogDerivedDataCache:Display: Max Cache Size: 512 MB
[2017.09.18-02.26.44:057][  0]LogDerivedDataCache: Loaded boot cache 1.25s 90MB C:/Users/RVR_/AppData/Local/UnrealEngine/4.16/DerivedDataCache/Boot.ddc.
[2017.09.18-02.26.44:057][  0]LogDerivedDataCache:Display: Loaded Boot cache: C:/Users/RVR_/AppData/Local/UnrealEngine/4.16/DerivedDataCache/Boot.ddc
[2017.09.18-02.26.44:057][  0]LogDerivedDataCache: FDerivedDataBackendGraph:  Pak pak cache file ../../../../../../Users/RVR_/Documents/Unreal Projects/MyProject/DerivedDataCache/DDC.ddp not found, will not use a pak cache.
[2017.09.18-02.26.44:057][  0]LogDerivedDataCache: Unable to find inner node Pak for hierarchical cache Hierarchy.
[2017.09.18-02.26.44:057][  0]LogDerivedDataCache: FDerivedDataBackendGraph:  CompressedPak pak cache file ../../../../../../Users/RVR_/Documents/Unreal Projects/MyProject/DerivedDataCache/Compressed.ddp not found, will not use a pak cache.
[2017.09.18-02.26.44:057][  0]LogDerivedDataCache: Unable to find inner node CompressedPak for hierarchical cache Hierarchy.
[2017.09.18-02.26.44:114][  0]LogDerivedDataCache:Display: Pak cache opened for reading ../../../Engine/DerivedDataCache/Compressed.ddp.
[2017.09.18-02.26.44:126][  0]LogDerivedDataCache: Using Local data cache path C:/Users/RVR_/AppData/Local/UnrealEngine/Common/DerivedDataCache: Writable
[2017.09.18-02.26.44:150][  0]LogMaterial: Verifying Global Shaders for PCD3D_SM5
[2017.09.18-02.26.44:151][  0]LogSlate: Using Freetype 2.6.0
[2017.09.18-02.26.44:251][  0]LogSlate: SlateFontCache - WITH_FREETYPE: 1, WITH_HARFBUZZ: 1
[2017.09.18-02.26.44:251][  0]LogSlate: SlateFontCache - WITH_FREETYPE: 1, WITH_HARFBUZZ: 1
[2017.09.18-02.26.48:939][  0]LogInit: Selected Device Profile: [Windows]
[2017.09.18-02.26.49:127][  0]LogConfig:Warning: Failed to saved backup for config[GameplayTagsList]
[2017.09.18-02.26.49:133][  0]LogConfig:Warning: Failed to saved backup for config[GameplayTags]
[2017.09.18-02.26.49:214][  0]LogContentStreaming: Texture pool size is 0.00 MB
[2017.09.18-02.26.49:979][  0]LogMeshUtilities: Using QuadricMeshReduction for automatic static mesh reduction
[2017.09.18-02.26.50:175][  0]LogSimplygon: Simplygon DLL not present - disabling.
[2017.09.18-02.26.50:365][  0]LogMeshUtilities: Using SimplygonSwarm for distributed automatic mesh merging
[2017.09.18-02.26.50:365][  0]LogMeshUtilities: No automatic skeletal mesh reduction module available
[2017.09.18-02.26.50:365][  0]LogMeshUtilities: No automatic mesh merging module available
[2017.09.18-02.26.52:311][  0]LogNetVersion: MyProject , NetCL: 3452394, EngineNetVer: 2, GameNetVer: 0 (Checksum: 1111101373)
[2017.09.18-02.26.52:548][  0]LogAssetRegistry: FAssetRegistry took 0.1050 seconds to start up
[2017.09.18-02.26.52:822][  0]LogAssetRegistry:Error: Failed to open file for write ../../../../../../Users/RVR_/Documents/Unreal Projects/MyProject/Intermediate/AssetRegistryCache/da466883.bin
[2017.09.18-02.26.52:867][  0]LogAssetRegistry:Error: Failed to open file for write ../../../../../../Users/RVR_/Documents/Unreal Projects/MyProject/Intermediate/AssetRegistryCache/7a742d77.bin
[2017.09.18-02.26.52:925][  0]LogFileManager:Warning: MoveFile was unable to move '../../../../../../Users/RVR_/Documents/Unreal Projects/MyProject/Intermediate/AssetRegistryCache/701fbfce.bin.tmp' to '../../../../../../Users/RVR_/Documents/Unreal Projects/MyProject/Intermediate/AssetRegistryCache/701fbfce.bin', retrying in .5s...
[2017.09.18-02.26.53:426][  0]LogFileManager:Warning: MoveFile was unable to move '../../../../../../Users/RVR_/Documents/Unreal Projects/MyProject/Intermediate/AssetRegistryCache/701fbfce.bin.tmp' to '../../../../../../Users/RVR_/Documents/Unreal Projects/MyProject/Intermediate/AssetRegistryCache/701fbfce.bin', retrying in .5s...
[2017.09.18-02.26.53:926][  0]LogFileManager:Warning: MoveFile was unable to move '../../../../../../Users/RVR_/Documents/Unreal Projects/MyProject/Intermediate/AssetRegistryCache/701fbfce.bin.tmp' to '../../../../../../Users/RVR_/Documents/Unreal Projects/MyProject/Intermediate/AssetRegistryCache/701fbfce.bin', retrying in .5s...
[2017.09.18-02.26.54:427][  0]LogFileManager:Warning: MoveFile was unable to move '../../../../../../Users/RVR_/Documents/Unreal Projects/MyProject/Intermediate/AssetRegistryCache/701fbfce.bin.tmp' to '../../../../../../Users/RVR_/Documents/Unreal Projects/MyProject/Intermediate/AssetRegistryCache/701fbfce.bin', retrying in .5s...
[2017.09.18-02.26.54:928][  0]LogFileManager:Warning: MoveFile was unable to move '../../../../../../Users/RVR_/Documents/Unreal Projects/MyProject/Intermediate/AssetRegistryCache/701fbfce.bin.tmp' to '../../../../../../Users/RVR_/Documents/Unreal Projects/MyProject/Intermediate/AssetRegistryCache/701fbfce.bin', retrying in .5s...
[2017.09.18-02.26.55:429][  0]LogFileManager:Warning: MoveFile was unable to move '../../../../../../Users/RVR_/Documents/Unreal Projects/MyProject/Intermediate/AssetRegistryCache/701fbfce.bin.tmp' to '../../../../../../Users/RVR_/Documents/Unreal Projects/MyProject/Intermediate/AssetRegistryCache/701fbfce.bin', retrying in .5s...
[2017.09.18-02.26.55:929][  0]LogFileManager:Warning: MoveFile was unable to move '../../../../../../Users/RVR_/Documents/Unreal Projects/MyProject/Intermediate/AssetRegistryCache/701fbfce.bin.tmp' to '../../../../../../Users/RVR_/Documents/Unreal Projects/MyProject/Intermediate/AssetRegistryCache/701fbfce.bin', retrying in .5s...
[2017.09.18-02.26.56:430][  0]LogFileManager:Warning: MoveFile was unable to move '../../../../../../Users/RVR_/Documents/Unreal Projects/MyProject/Intermediate/AssetRegistryCache/701fbfce.bin.tmp' to '../../../../../../Users/RVR_/Documents/Unreal Projects/MyProject/Intermediate/AssetRegistryCache/701fbfce.bin', retrying in .5s...
[2017.09.18-02.26.56:930][  0]LogFileManager:Warning: MoveFile was unable to move '../../../../../../Users/RVR_/Documents/Unreal Projects/MyProject/Intermediate/AssetRegistryCache/701fbfce.bin.tmp' to '../../../../../../Users/RVR_/Documents/Unreal Projects/MyProject/Intermediate/AssetRegistryCache/701fbfce.bin', retrying in .5s...
[2017.09.18-02.26.57:431][  0]LogFileManager:Warning: MoveFile was unable to move '../../../../../../Users/RVR_/Documents/Unreal Projects/MyProject/Intermediate/AssetRegistryCache/701fbfce.bin.tmp' to '../../../../../../Users/RVR_/Documents/Unreal Projects/MyProject/Intermediate/AssetRegistryCache/701fbfce.bin', retrying in .5s...
[2017.09.18-02.26.57:932][  0]LogFileManager:Error: Error moving file '../../../../../../Users/RVR_/Documents/Unreal Projects/MyProject/Intermediate/AssetRegistryCache/701fbfce.bin.tmp' to '../../../../../../Users/RVR_/Documents/Unreal Projects/MyProject/Intermediate/AssetRegistryCache/701fbfce.bin'.
[2017.09.18-02.26.57:963][  0]LogPackageLocalizationCache: Processed 4 localized package path(s) for 2 prioritized culture(s) in 5.328041 seconds
[2017.09.18-02.26.57:978][  0]LogUObjectArray: 34194 objects as part of root set at end of initial load.
[2017.09.18-02.26.57:978][  0]LogUObjectAllocator: 7260416 out of 0 bytes used by permanent object pool.
[2017.09.18-02.26.57:978][  0]LogUObjectArray: CloseDisregardForGC: 0/0 objects in disregard for GC pool
[2017.09.18-02.26.58:198][  0]LogInit: WinSock: version 1.1 (2.2), MaxSocks=32767, MaxUdp=65467
[2017.09.18-02.27.42:414][  0]LogTcpMessaging: Initializing TcpMessaging bridge
[2017.09.18-02.27.42:542][  0]LogUdpMessaging: Initializing bridge on interface 0.0.0.0:0 to multicast group 230.0.0.1:6666.
[2017.09.18-02.27.44:705][  0]LogMaterial: Uniform references updated for custom material expression Custom.
[2017.09.18-02.27.46:291][  0]SourceControl: Información El control de código fuente está desactivado
[2017.09.18-02.27.46:294][  0]SourceControl: Información El control de código fuente está desactivado
[2017.09.18-02.27.46:495][  0]SourceControl: Información El control de código fuente está desactivado
[2017.09.18-02.27.46:695][  0]SourceControl: Información El control de código fuente está desactivado
[2017.09.18-02.27.49:745][  0]LogAndroidPermission: UAndroidPermissionCallbackProxy::GetInstance
[2017.09.18-02.27.52:349][  0]LogEngine: Initializing Engine...
[2017.09.18-02.27.52:350][  0]LogHMD: Failed to initialize OpenVR with code 110
[2017.09.18-02.27.52:987][  0]LogStats: UGameplayTagsManager::ConstructGameplayTagTree: Construct from data asset -  0.000 s
[2017.09.18-02.27.52:987][  0]LogStats: UGameplayTagsManager::ConstructGameplayTagTree: GameplayTagTreeChangedEvent.Broadcast -  0.000 s
[2017.09.18-02.27.53:464][  0]LogAIModule: Creating AISystem for world Untitled
[2017.09.18-02.27.53:511][  0]LogInit: XAudio2 using 'Altavoces / Auriculares (Realtek High Definition Audio)' : 2 channels at 48 kHz using 32 bits per sample (channel mask 0x3)
[2017.09.18-02.27.53:583][  0]LogInit: FAudioDevice initialized.
[2017.09.18-02.27.53:717][  0]LogDerivedDataCache: Saved boot cache 0.13s 90MB C:/Users/RVR_/AppData/Local/UnrealEngine/4.16/DerivedDataCache/Boot.ddc.
[2017.09.18-02.27.53:759][  0]LogInit: Texture streaming: Enabled
[2017.09.18-02.27.54:212][  0]LogEngineSessionManager: EngineSessionManager initialized
[2017.09.18-02.27.55:307][  0]LogInit: Transaction tracking system initialized
[2017.09.18-02.27.56:718][  0]BlueprintLog: New page: Cargar el editor
[2017.09.18-02.28.01:069][  0]LocalizationService: Información Localization service is disabled
[2017.09.18-02.28.04:851][  0]LogConsoleResponse:Display: 
[2017.09.18-02.28.05:733][  0]LogCook:Display: Max memory allowance for cook 16384mb min free memory 0mb
[2017.09.18-02.28.05:733][  0]LogCook:Display: Mobile HDR setting 1
[2017.09.18-02.28.05:999][  0]LogFileCache: Scanning file cache for directory 'C:/Users/RVR_/Documents/Unreal Projects/MyProject/Content/' took 0.18s
[2017.09.18-02.28.10:178][  0]SourceControl: Información El control de código fuente está desactivado
[2017.09.18-02.28.10:179][  0]Cmd: MAP LOAD FILE="../../../../../../Users/RVR_/Documents/Unreal Projects/MyProject/Content/FirstPersonBP/Maps/FirstPersonExampleMap.umap" TEMPLATE=0 SHOWPROGRESS=1 FEATURELEVEL=3
[2017.09.18-02.28.10:264][  0]LightingResults: New page: Diseñar la iluminación
[2017.09.18-02.28.10:490][  0]MapCheck: New page: Revisión del mapa
[2017.09.18-02.28.10:490][  0]LightingResults: New page: Diseñar la iluminación
[2017.09.18-02.28.16:510][  0]LogAIModule: Creating AISystem for world FirstPersonExampleMap
[2017.09.18-02.28.16:978][  0]LogEditorServer: Finished looking for orphan Actors (0.000 secs)
[2017.09.18-02.28.17:079][  0]Cmd: MAP CHECKDEP NOCLEARLOG
[2017.09.18-02.28.17:224][  0]MapCheck: Información Map check complete: 0 Error(s), 0 Warning(s), took 145.495ms to complete.
[2017.09.18-02.28.17:224][  0]LogFileHelpers: Loading map 'FirstPersonExampleMap' took 7.046
[2017.09.18-02.28.17:303][  0]LogWindowsTextInputMethodSystem:Display: IME system now deactivated.
[2017.09.18-02.28.17:660][  0]LogCollectionManager: Loaded 0 collections in 0.004563 seconds
[2017.09.18-02.28.17:824][  0]LogFileCache: Scanning file cache for directory 'C:/Users/RVR_/Documents/Unreal Projects/MyProject/Saved/Collections/' took 0.01s
[2017.09.18-02.28.17:824][  0]LogFileCache: Scanning file cache for directory 'C:/Users/RVR_/Documents/Unreal Projects/MyProject/Content/Developers/RVR/Collections/' took 0.01s
[2017.09.18-02.28.17:824][  0]LogFileCache: Scanning file cache for directory 'C:/Users/RVR_/Documents/Unreal Projects/MyProject/Content/Collections/' took 0.01s
[2017.09.18-02.28.17:824][  0]LogCollectionManager: Rebuilt the GUID cache for 0 collections in 0.000003 seconds
[2017.09.18-02.28.17:849][  0]LogContentBrowser: Native class hierarchy populated in 0.0248 seconds. Added 2329 classes and 491 folders.
[2017.09.18-02.28.18:046][  0]LogContentBrowser: Native class hierarchy updated for 'WidgetCarousel' in 0.0015 seconds. Added 0 classes and 0 folders.
[2017.09.18-02.28.19:529][  0]LogContentBrowser: Native class hierarchy updated for 'AddContentDialog' in 0.0010 seconds. Added 0 classes and 0 folders.
[2017.09.18-02.28.19:762][  0]LogContentBrowser: Native class hierarchy updated for 'SceneOutliner' in 0.0013 seconds. Added 1 classes and 2 folders.
[2017.09.18-02.28.19:927][  0]LogCrashTracker: Crashtracker disabled due to settings.
[2017.09.18-02.28.20:003][  0]LogSlate: Took 0.068107 seconds to synchronously load lazily loaded font '../../../Engine/Content/Slate/Fonts/Roboto-Regular.ttf' (155K)
[2017.09.18-02.28.20:014][  0]LogSlate: Took 0.007675 seconds to synchronously load lazily loaded font '../../../Engine/Content/Slate/Fonts/Roboto-Bold.ttf' (160K)
[2017.09.18-02.28.20:038][  0]LogSlate: Took 0.015945 seconds to synchronously load lazily loaded font '../../../Engine/Content/Editor/Slate/Fonts/FontAwesome.ttf' (139K)
[2017.09.18-02.28.20:399][  0]LogRenderer: Reallocating scene render targets to support 856x372 NumSamples 1 (Frame:1).
[2017.09.18-02.28.21:260][  0]LogUObjectGlobals:Warning: Error al encontrar el objeto 'Class Ninguno.'
[2017.09.18-02.28.21:483][  0]LogContentBrowser: Native class hierarchy updated for 'HierarchicalLODOutliner' in 0.0019 seconds. Added 1 classes and 2 folders.
[2017.09.18-02.28.21:485][  0]LogLoad: (Engine Initialization) Total time: 129.52 seconds
[2017.09.18-02.28.21:485][  0]LogLoad: (Engine Initialization) Total Blueprint compile time: 1.11 seconds
[2017.09.18-02.28.21:485][  0]LogExternalProfiler: No external profilers were discovered.  External profiling features will not be available.
[2017.09.18-02.28.21:510][  0]LogOcInput: OculusInput pre-init called
[2017.09.18-02.28.21:510][  0]LogHMD: Starting GearVRController plugin
[2017.09.18-02.28.21:531][  0]LogContentStreaming: Texture pool size now 600 MB
[2017.09.18-02.28.21:637][  0]LogSlate: Took 0.015757 seconds to synchronously load lazily loaded font '../../../Engine/Content/Slate/Fonts/Roboto-Light.ttf' (159K)
[2017.09.18-02.28.22:013][  3]LogAssetRegistry: Asset discovery search completed in 89.4871 seconds
[2017.09.18-02.28.22:021][  3]LogCollectionManager: Rebuilt the object cache for 0 collections in 0.000001 seconds (found 0 objects)
[2017.09.18-02.28.22:021][  3]LogCollectionManager: Fixed up redirectors for 0 collections in 0.000067 seconds (updated 0 objects)
[2017.09.18-02.28.48:333][228]LogSlate: Took 0.000326 seconds to synchronously load lazily loaded font '../../../Engine/Content/Slate/Fonts/Roboto-Light.ttf' (159K)
[2017.09.18-02.28.49:408][228]LogSlate: Took 0.000222 seconds to synchronously load lazily loaded font '../../../Engine/Content/Slate/Fonts/Roboto-Regular.ttf' (155K)
[2017.09.18-02.28.59:341][228]LogMaterial: Uniform references updated for custom material expression TemporalAA SampleID.
[2017.09.18-02.29.03:531][228]LogMaterial: Uniform references updated for custom material expression Custom.
[2017.09.18-02.29.03:713][228]LogTexture:Display: Building textures: T_FieldGrass_01_D (AutoDXT, 1024X1024)
[2017.09.18-02.29.06:829][228]LogTexture:Display: Building textures: T_FieldGrass_02_M (AutoDXT, 1024X1024)
[2017.09.18-02.29.08:623][228]LogMaterial: Missing cached shader map for material M_FieldGrass_01, compiling. 
[2017.09.18-02.29.09:636][228]LogMaterial: Missing cached shader map for material M_FieldGrass_01, compiling. 
[2017.09.18-02.29.10:051][228]LogMaterial: Missing cached shader map for material M_FieldGrass_01, compiling. 
[2017.09.18-02.29.12:893][228]LogTexture:Display: Building textures: T_CliffRock_03_N (BC5, 4096X4096)
[2017.09.18-02.29.20:969][228]LogTexture:Display: Building textures: T_CliffRockTile_03_D (AutoDXT, 2048X2048)
[2017.09.18-02.29.44:149][228]LogTexture:Display: Building textures: T_GDC_StonePath_Tile_H (AutoDXT, 8192X8192)
[2017.09.18-02.30.33:149][228]LogMaterial: Missing cached shader map for material M_Photoscan_Master_Displacement, compiling. 
[2017.09.18-02.30.55:882][228]LogTexture:Display: Building textures: T_Tile_PebblyRiverbank_D_R (AutoDXT, 8192X8192)
[2017.09.18-02.35.59:423][228]LogTexture:Display: Building textures: T_Tile_PebblyRiverbank_H (AutoDXT, 8192X8192)
[2017.09.18-02.36.43:929][228]LogTexture:Display: Building textures: T_Tile_PebblyRiverbank_N (BC5, 8192X8192)
[2017.09.18-02.37.14:636][228]LogMaterial: Missing cached shader map for material M_Photoscan_Master_Displacement, compiling. 
[2017.09.18-02.37.17:489][228]LogTexture:Display: Building textures: T_GDC_Tiling_LeafPathStones_H (AutoDXT, 4096X4096)
[2017.09.18-02.37.36:035][228]LogTexture:Display: Building textures: T_GDC_Tiling_LeafPathStones_D_R (AutoDXT, 4096X4096)
[2017.09.18-02.38.50:239][228]LogTexture:Display: Building textures: T_GDC_Tiling_LeafpathStones_N (BC5, 4096X4096)
[2017.09.18-02.38.59:723][228]LogTexture:Display: Building textures: BogMyrtleBush_02_Atlas_Billboards_Tex (AutoDXT, 2048X2048)
[2017.09.18-02.39.08:046][228]LogTexture:Display: Building textures: BogMyrtleBush_02_Atlas_Billboards_Normal_Tex (BC5, 2048X2048)
[2017.09.18-02.39.11:453][228]LogTexture:Display: Building textures: BogMyrtle_01_Atlas_Billboards_Tex (AutoDXT, 2048X2048)
[2017.09.18-02.39.18:978][228]LogTexture:Display: Building textures: BogMyrtle_01_Atlas_Billboards_Normal_Tex (BC5, 2048X2048)
[2017.09.18-02.39.20:773][228]LogMaterial: Missing cached shader map for material BogMyrtle_01_Billboard_Mat, compiling. 
[2017.09.18-02.39.21:539][228]LogStaticMesh: Generando la malla estática BogMyrtleBush_02...
[2017.09.18-02.39.24:027][228]LogStaticMesh: Built static mesh [2.64s] /Game/KiteDemo/Environments/Foliage/BogMyrtleBush_02/BogMyrtleBush_02.BogMyrtleBush_02
[2017.09.18-02.39.25:439][228]LogTexture:Display: Building textures: BogMyrtleBush_01_Atlas_Billboards_Tex (AutoDXT, 2048X2048)
[2017.09.18-02.39.33:793][228]LogTexture:Display: Building textures: BogMyrtleBush_01_Atlas_Billboards_Normal_Tex (BC5, 2048X2048)
[2017.09.18-02.39.35:525][228]LogStaticMesh: Generando la malla estática BogMyrtleBush_01...
[2017.09.18-02.39.36:590][228]LogStaticMesh: Built static mesh [1.12s] /Game/KiteDemo/Environments/Foliage/BogMyrtleBush_01/BogMyrtleBush_01.BogMyrtleBush_01
[2017.09.18-02.39.37:802][228]LogTexture:Display: Building textures: T_BogMyrtleBtm_01_N (BC5, 4096X4096)
[2017.09.18-02.39.45:049][228]LogTexture:Display: Building textures: T_BogMyrtleBtm_01_D (AutoDXT, 4096X4096)
[2017.09.18-02.39.59:482][228]LogTexture:Display: Building textures: BogMyrtle_01_Atlas_Tex (AutoDXT, 4096X4096)
[2017.09.18-02.40.18:939][228]LogTexture:Display: Building textures: BogMyrtle_01_Atlas_Normal_Tex (BC5, 4096X4096)
[2017.09.18-02.40.25:010][228]LogMaterial: Missing cached shader map for material BogMyrtle_01_Fronds_Mat, compiling. 
[2017.09.18-02.40.25:338][228]LogStaticMesh: Generando la malla estática BogMyrtle_01...
[2017.09.18-02.40.26:184][228]LogStaticMesh: Built static mesh [0.88s] /Game/KiteDemo/Environments/Foliage/BogMyrtle_01/BogMyrtle_01.BogMyrtle_01
[2017.09.18-02.40.35:169][228]LogTexture:Display: Building textures: T_Cliff01_N (BC5, 8192X8192)
[2017.09.18-02.41.21:803][228]LogTexture:Display: Building textures: T_Cliff01_D_CC_R (AutoDXT, 8192X8192)
[2017.09.18-02.45.47:430][228]LogMaterial: Missing cached shader map for material M_Photoscan_Master, compiling. 
[2017.09.18-02.45.48:627][228]LogMaterial: Missing cached shader map for material M_Photoscan_Master, compiling. 
[2017.09.18-02.45.49:597][228]LogStaticMesh: Generando la malla estática SM_Cliff01...
[2017.09.18-02.45.50:543][228]LogMeshUtilities: Invalid vertex normals found for mesh. Forcing recomputation of vertex normals for MikkTSpace. Fix mesh or disable "Use MikkTSpace Tangent Space" to avoid forced recomputation of normals.
[2017.09.18-02.45.50:904][228]LogMeshUtilities: Invalid vertex normals found for mesh. Forcing recomputation of vertex normals for MikkTSpace. Fix mesh or disable "Use MikkTSpace Tangent Space" to avoid forced recomputation of normals.
[2017.09.18-02.45.50:972][228]LogMeshUtilities: Invalid vertex normals found for mesh. Forcing recomputation of vertex normals for MikkTSpace. Fix mesh or disable "Use MikkTSpace Tangent Space" to avoid forced recomputation of normals.
[2017.09.18-02.45.51:792][228]LogStaticMesh: Built static mesh [2.28s] /Game/KiteDemo/Environments/Cliffs/Cliff01/SM_Cliff01.SM_Cliff01
[2017.09.18-02.46.02:637][228]LogTexture:Display: Building textures: T_GDC_StonePath_Tile_N (BC5, 8192X8192)
[2017.09.18-02.46.54:721][228]LogTexture:Display: Building textures: T_GDC_StonePath_Tile_D_R (AutoDXT, 8192X8192)
[2017.09.18-02.51.36:276][228]LogTexture:Display: Building textures: T_GDC_RockFace003_H (AutoDXT, 8192X8192)
[2017.09.18-02.52.19:553][228]LogTexture:Display: Building textures: T_GDC_RockFace003_N (BC5, 8192X8192)
[2017.09.18-02.53.09:307][228]LogTexture:Display: Building textures: T_GDC_RockFace003_D_R (AutoDXT, 8192X8192)
[2017.09.18-02.58.11:296][228]LogTexture:Display: Building textures: T_Tile_RiverPebbles_H (AutoDXT, 8192X8192)
[2017.09.18-02.59.00:811][228]LogTexture:Display: Building textures: T_Tile_RiverPebbles_N (BC5, 8192X8192)
[2017.09.18-02.59.52:064][228]LogTexture:Display: Building textures: T_RiverPebbles_001_D_R (AutoDXT, 8192X8192)
[2017.09.18-03.04.37:325][228]LogTexture:Display: Building textures: T_LavaFlow002_D_R (AutoDXT, 4096X4096)
[2017.09.18-03.05.32:046][228]LogTexture:Display: Building textures: T_Tiling_LavaFlow002_H (AutoDXT, 4096X4096)
[2017.09.18-03.05.41:574][228]LogTexture:Display: Building textures: T_Tiling_LavaFlow002_N (BC5, 4096X4096)
[2017.09.18-03.05.49:563][228]LogTexture:Display: Building textures: T_gravelTile_01A_H (AutoDXT, 4096X4096)
[2017.09.18-03.06.01:642][228]LogTexture:Display: Building textures: T_gravelTile_01A_N (BC5, 4096X4096)
[2017.09.18-03.06.12:959][228]LogTexture:Display: Building textures: T_gravelTile_01A_D_R (AutoDXT, 4096X4096)
[2017.09.18-03.07.21:752][228]LogTexture:Display: Building textures: T_GDC_Tiling_LeafPath_D_R (AutoDXT, 4096X4096)
[2017.09.18-03.08.22:361][228]LogTexture:Display: Building textures: T_GDC_Tiling_LeafPath_H (AutoDXT, 4096X4096)
[2017.09.18-03.08.30:817][228]LogTexture:Display: Building textures: T_GDC_Tiling_LeafPath_N (BC5, 4096X4096)
[2017.09.18-03.08.52:832][228]LogTexture:Display: Building textures: T_AlpinePatch001_D_alt_R (AutoDXT, 8192X8192)
[2017.09.18-03.13.07:531][228]LogTexture:Display: Building textures: T_Forest_Path_001A_D_R (AutoDXT, 4096X4096)
[2017.09.18-03.14.06:728][228]LogTexture:Display: Building textures: T_Forest_Path_001A_N (BC5, 4096X4096)
[2017.09.18-03.14.22:709][228]LogTexture:Display: Building textures: T_gravelTile_01_D_R (AutoDXT, 4096X4096)
[2017.09.18-03.15.37:115][228]LogTexture:Display: Building textures: T_gravelTile_01_H (AutoDXT, 4096X4096)
[2017.09.18-03.15.51:065][228]LogTexture:Display: Building textures: T_gravelTile_01_N (BC5, 8192X8192)
[2017.09.18-03.16.23:614][228]LogTexture:Display: Building textures: T_AlpinePatch001_N (BC5, 8192X8192)
[2017.09.18-03.17.07:803][228]LogTexture:Display: Building textures: T_AlpinePatch001_D_R (AutoDXT, 8192X8192)
[2017.09.18-03.21.19:684][228]LogTexture:Display: Building textures: HQ_Lightmap0_1 (AutoDXT, 1024X1024)
[2017.09.18-03.21.23:155][228]LogTexture:Display: Building textures: HQ_Lightmap0_2 (AutoDXT, 512X512)
[2017.09.18-03.21.23:415][228]LogTexture:Display: Building textures: HQ_Lightmap0_3 (AutoDXT, 128X128)
[2017.09.18-03.21.23:495][228]LogTexture:Display: Building textures: HQ_Lightmap0_4 (AutoDXT, 128X128)
[2017.09.18-03.21.23:579][228]LogTexture:Display: Building textures: LQ_Lightmap_0_1 (DXT1, 1024X1024)
[2017.09.18-03.21.25:540][228]LogTexture:Display: Building textures: LQ_Lightmap_0_2 (DXT1, 512X512)
[2017.09.18-03.21.25:776][228]LogTexture:Display: Building textures: LQ_Lightmap_0_3 (DXT1, 128X128)
[2017.09.18-03.21.25:807][228]LogTexture:Display: Building textures: LQ_Lightmap_0_4 (DXT1, 128X128)
[2017.09.18-03.21.26:457][228]LogTexture:Display: Building textures: ShadowMapTexture2D_0 (BGRA8, 1024X512)
[2017.09.18-03.21.26:715][228]LogTexture:Display: Building textures: ShadowMapTexture2D_1 (BGRA8, 512X256)
[2017.09.18-03.21.26:788][228]LogTexture:Display: Building textures: ShadowMapTexture2D_2 (BGRA8, 128X64)
[2017.09.18-03.21.26:851][228]LogTexture:Display: Building textures: ShadowMapTexture2D_3 (BGRA8, 128X64)
[2017.09.18-03.21.29:509][228]LogStaticMesh: Generando la malla estática HillTree_02...
