Log file open, 10/08/17 15:43:51
LogInit:Display: Running engine for game: MyProject
LogPlatformFile: Not using cached read wrapper
LogInit:Display: RandInit(-1393544723) SRandInit(-1393544723).
LogTaskGraph: Started task graph with 5 named threads and 6 total threads with 1 sets of task threads.
LogStats: Stats thread started at 0.127520
LogInit: Using libcurl 7.47.1
LogInit:  - built for x86_64-pc-win32
LogInit:  - supports SSL with OpenSSL/1.0.2g
LogInit:  - supports HTTP deflate (compression) using libz 1.2.8
LogInit:  - other features:
LogInit:      CURL_VERSION_SSL
LogInit:      CURL_VERSION_LIBZ
LogInit:      CURL_VERSION_IPV6
LogInit:      CURL_VERSION_ASYNCHDNS
LogInit:      CURL_VERSION_LARGEFILE
LogInit:      CURL_VERSION_IDN
LogInit:  CurlRequestOptions (configurable via config and command line):
LogInit:  - bVerifyPeer = false  - Libcurl will NOT verify peer certificate
LogInit:  - bUseHttpProxy = false  - Libcurl will NOT use HTTP proxy
LogInit:  - bDontReuseConnections = false  - Libcurl will reuse connections
LogInit:  - CertBundlePath = nullptr  - Libcurl will use whatever was configured at build time.
LogInit: Build: ++UE4+Release-4.16-CL-3561208
LogInit: Engine Version: 4.16.3-3561208+++UE4+Release-4.16
LogInit: Compatible Engine Version: 4.16.0-3452394+++UE4+Release-4.16
LogInit: Net CL: 3452394
LogDevObjectVersion: Number of dev versions registered: 16
LogDevObjectVersion:   Dev-Blueprints (B0D832E4-1F89-4F0D-ACCF-7EB736FD4AA2): 9
LogDevObjectVersion:   Dev-Build (E1C64328-A22C-4D53-A36C-8E866417BD8C): 0
LogDevObjectVersion:   Dev-Core (375EC13C-06E4-48FB-B500-84F0262A717E): 2
LogDevObjectVersion:   Dev-Editor (E4B068ED-F494-42E9-A231-DA0B2E46BB41): 17
LogDevObjectVersion:   Dev-Framework (CFFC743F-43B0-4480-9391-14DF171D2073): 23
LogDevObjectVersion:   Dev-Mobile (B02B49B5-BB20-44E9-A304-32B752E40360): 0
LogDevObjectVersion:   Dev-Networking (A4E4105C-59A1-49B5-A7C5-40C4547EDFEE): 0
LogDevObjectVersion:   Dev-Online (39C831C9-5AE6-47DC-9A44-9C173E1C8E7C): 0
LogDevObjectVersion:   Dev-Physics (78F01B33-EBEA-4F98-B9B4-84EACCB95AA2): 0
LogDevObjectVersion:   Dev-Platform (6631380F-2D4D-43E0-8009-CF276956A95A): 0
LogDevObjectVersion:   Dev-Rendering (12F88B9F-8875-4AFC-A67C-D90C383ABD29): 15
LogDevObjectVersion:   Dev-Sequencer (7B5AE74C-D270-4C10-A958-57980B212A5A): 4
LogDevObjectVersion:   Dev-VR (D7296918-1DD6-4BDD-9DE2-64A83CC13884): 0
LogDevObjectVersion:   Dev-LoadTimes (C2A15278-BFE7-4AFE-6C17-90FF531DF755): 1
LogDevObjectVersion:   Private-Geometry (6EACA3D4-40EC-4CC1-B786-8BED09428FC5): 1
LogDevObjectVersion:   Dev-AnimPhys (29E575DD-E0A3-4627-9D10-D276232CDCEA): 3
LogInit: Compiled (64-bit): Jul 28 2017 11:49:47
LogInit: Compiled with Visual C++: 19.00.24215.01
LogInit: Build Configuration: Development
LogInit: Branch Name: ++UE4+Release-4.16
LogInit: Command line:  
LogInit: Base directory: C:/Program Files/Epic Games/UE_4.16/Engine/Binaries/Win64/
LogInit: Installed Engine Build: 1
LogInit: Presizing for max 8388607 objects, including 0 objects not considered by GC, pre-allocating 0 bytes for permanent pool.
LogInit: Object subsystem initialized
[2017.10.08-20.43.54:640][  0]LogInit: Selected Device Profile: [Windows]
[2017.10.08-20.43.54:640][  0]LogInit: Applying CVar settings loaded from the selected device profile: [Windows]
[2017.10.08-20.43.54:839][  0]LogInit: Computer: DESKTOP-UF70I4N
[2017.10.08-20.43.54:839][  0]LogInit: User: RVR
[2017.10.08-20.43.54:839][  0]LogInit: CPU Page size=4096, Cores=2
[2017.10.08-20.43.54:839][  0]LogInit: High frequency timer resolution =2.533200 MHz
[2017.10.08-20.43.54:861][  0]LogMemory: Memory total: Physical=7.9GB (8GB approx)
[2017.10.08-20.43.54:861][  0]LogMemory: Platform Memory Stats for Windows
[2017.10.08-20.43.54:861][  0]LogMemory: Process Physical Memory: 273.09 MB used, 273.09 MB peak
[2017.10.08-20.43.54:861][  0]LogMemory: Process Virtual Memory: 266.30 MB used, 266.30 MB peak
[2017.10.08-20.43.54:861][  0]LogMemory: Physical Memory: 2630.23 MB used,  5442.73 MB free, 8072.96 MB total
[2017.10.08-20.43.54:861][  0]LogMemory: Virtual Memory: 642.15 MB used,  5442.73 MB free, 134217728.00 MB total
[2017.10.08-20.43.56:397][  0]LogInit: Using OS detected language (es-ES).
[2017.10.08-20.43.56:397][  0]LogInit: Using OS detected locale (es-MX).
[2017.10.08-20.43.56:857][  0]LogTextLocalizationManager: No specific localization for 'es-ES' exists, so the 'es' localization will be used.
[2017.10.08-20.44.09:672][  0]LogD3D11RHI: D3D11 adapters:
[2017.10.08-20.44.10:108][  0]LogD3D11RHI:    0. 'Intel(R) HD Graphics Family' (Feature Level 11_0)
[2017.10.08-20.44.10:108][  0]LogD3D11RHI:       112/0/2048 MB DedicatedVideo/DedicatedSystem/SharedSystem, Outputs:1, VendorId:0x8086
[2017.10.08-20.44.10:164][  0]LogD3D11RHI:    1. 'Microsoft Basic Render Driver' (Feature Level 11_0)
[2017.10.08-20.44.10:164][  0]LogD3D11RHI:       0/0/4036 MB DedicatedVideo/DedicatedSystem/SharedSystem, Outputs:0, VendorId:0x1414
[2017.10.08-20.44.10:164][  0]LogD3D11RHI: Chosen D3D11 Adapter: 0
[2017.10.08-20.44.10:214][  0]LogD3D11RHI: Creating new Direct3DDevice
[2017.10.08-20.44.10:214][  0]LogD3D11RHI:     GPU DeviceId: 0xa16 (for the marketing name, search the web for "GPU Device Id")
[2017.10.08-20.44.10:214][  0]LogWindows: EnumDisplayDevices:
[2017.10.08-20.44.10:214][  0]LogWindows:    0. 'Intel(R) HD Graphics Family' (P:1 D:1)
[2017.10.08-20.44.10:214][  0]LogWindows:    1. 'Intel(R) HD Graphics Family' (P:0 D:0)
[2017.10.08-20.44.10:215][  0]LogWindows:    2. 'Intel(R) HD Graphics Family' (P:0 D:0)
[2017.10.08-20.44.10:215][  0]LogWindows: DebugString: FoundDriverCount:3 
[2017.10.08-20.44.10:215][  0]LogD3D11RHI:     Adapter Name: Intel(R) HD Graphics Family
[2017.10.08-20.44.10:215][  0]LogD3D11RHI:   Driver Version: 20.19.15.4531 (internal:20.19.15.4531, unified:20.19.15.4531)
[2017.10.08-20.44.10:215][  0]LogD3D11RHI:      Driver Date: 9-29-2016
[2017.10.08-20.44.10:215][  0]LogRHI: Texture pool is 795 MB (70% of 1136 MB)
[2017.10.08-20.44.10:220][  0]LogD3D11RHI: Async texture creation enabled
[2017.10.08-20.44.10:846][  0]LogD3D11RHI: GPU Timing Frequency: 12.500000 (Debug: 2 0)
[2017.10.08-20.44.11:022][  0]LogShaderCompilers: Guid format shader working directory is -20 characters bigger than the processId version (../../../../../../Users/RVR_/Documents/Unreal Projects/MyProject/Intermediate/Shaders/WorkingDirectory/11808/).
[2017.10.08-20.44.11:022][  0]LogShaderCompilers: Cleaned the shader compiler working directory 'C:/Users/RVR_/AppData/Local/Temp/UnrealShaderWorkingDir/D3708DE34B02C052B8EE6AB9BEEB2271/'.
[2017.10.08-20.44.11:043][  0]LogShaderCompilers:Display: Using Local Shader Compiler.
[2017.10.08-20.44.25:688][  0]LogTemp:Display: Loaded TP AllDesktopTargetPlatform
[2017.10.08-20.44.25:803][  0]LogTemp:Display: Loaded TP MacClientTargetPlatform
[2017.10.08-20.44.25:911][  0]LogTemp:Display: Loaded TP MacNoEditorTargetPlatform
[2017.10.08-20.44.25:993][  0]LogTemp:Display: Loaded TP MacServerTargetPlatform
[2017.10.08-20.44.26:107][  0]LogTemp:Display: Loaded TP MacTargetPlatform
[2017.10.08-20.44.26:198][  0]LogTemp:Display: Loaded TP WindowsClientTargetPlatform
[2017.10.08-20.44.26:296][  0]LogTemp:Display: Loaded TP WindowsNoEditorTargetPlatform
[2017.10.08-20.44.26:383][  0]LogTemp:Display: Loaded TP WindowsServerTargetPlatform
[2017.10.08-20.44.26:450][  0]LogTemp:Display: Loaded TP WindowsTargetPlatform
[2017.10.08-20.44.26:613][  0]LogTemp:Display: Loaded TP AndroidTargetPlatform
[2017.10.08-20.44.26:722][  0]LogTemp:Display: Loaded TP Android_ASTCTargetPlatform
[2017.10.08-20.44.26:848][  0]LogTemp:Display: Loaded TP Android_ATCTargetPlatform
[2017.10.08-20.44.26:946][  0]LogTemp:Display: Loaded TP Android_DXTTargetPlatform
[2017.10.08-20.44.27:038][  0]LogTemp:Display: Loaded TP Android_ETC1TargetPlatform
[2017.10.08-20.44.27:129][  0]LogTemp:Display: Loaded TP Android_ETC2TargetPlatform
[2017.10.08-20.44.27:355][  0]LogTemp:Display: Loaded TP Android_MultiTargetPlatform
[2017.10.08-20.44.27:355][  0]LogTemp:Display: Loaded TP Android_PVRTCTargetPlatform
[2017.10.08-20.44.27:450][  0]LogTemp:Display: Loaded TP HTML5TargetPlatform
[2017.10.08-20.44.27:784][  0]LogTemp:Display: Loaded TP IOSTargetPlatform
[2017.10.08-20.44.27:848][  0]LogTemp:Display: Loaded TP TVOSTargetPlatform
[2017.10.08-20.44.28:533][  0]LogTemp:Display: Loaded TP LinuxClientTargetPlatform
[2017.10.08-20.44.28:615][  0]LogTemp:Display: Loaded TP LinuxNoEditorTargetPlatform
[2017.10.08-20.44.28:850][  0]LogTemp:Display: Loaded TP LinuxServerTargetPlatform
[2017.10.08-20.44.29:855][  0]LogTemp:Display: Loaded TP LinuxTargetPlatform
[2017.10.08-20.44.29:855][  0]LogTargetPlatformManager:Display: Building Assets For Windows
[2017.10.08-20.44.31:969][  0]LogDerivedDataCache:Display: Max Cache Size: 512 MB
[2017.10.08-20.44.34:529][  0]LogDerivedDataCache: Loaded boot cache 2.55s 90MB C:/Users/RVR_/AppData/Local/UnrealEngine/4.16/DerivedDataCache/Boot.ddc.
[2017.10.08-20.44.34:529][  0]LogDerivedDataCache:Display: Loaded Boot cache: C:/Users/RVR_/AppData/Local/UnrealEngine/4.16/DerivedDataCache/Boot.ddc
[2017.10.08-20.44.34:529][  0]LogDerivedDataCache: FDerivedDataBackendGraph:  Pak pak cache file ../../../../../../Users/RVR_/Documents/Unreal Projects/MyProject/DerivedDataCache/DDC.ddp not found, will not use a pak cache.
[2017.10.08-20.44.34:529][  0]LogDerivedDataCache: Unable to find inner node Pak for hierarchical cache Hierarchy.
[2017.10.08-20.44.34:529][  0]LogDerivedDataCache: FDerivedDataBackendGraph:  CompressedPak pak cache file ../../../../../../Users/RVR_/Documents/Unreal Projects/MyProject/DerivedDataCache/Compressed.ddp not found, will not use a pak cache.
[2017.10.08-20.44.34:529][  0]LogDerivedDataCache: Unable to find inner node CompressedPak for hierarchical cache Hierarchy.
[2017.10.08-20.44.34:685][  0]LogDerivedDataCache:Display: Pak cache opened for reading ../../../Engine/DerivedDataCache/Compressed.ddp.
[2017.10.08-20.44.34:717][  0]LogDerivedDataCache: Using Local data cache path C:/Users/RVR_/AppData/Local/UnrealEngine/Common/DerivedDataCache: Writable
[2017.10.08-20.44.34:808][  0]LogMaterial: Verifying Global Shaders for PCD3D_SM5
[2017.10.08-20.44.34:902][  0]LogSlate: Using Freetype 2.6.0
[2017.10.08-20.44.35:083][  0]LogSlate: SlateFontCache - WITH_FREETYPE: 1, WITH_HARFBUZZ: 1
[2017.10.08-20.44.35:083][  0]LogSlate: SlateFontCache - WITH_FREETYPE: 1, WITH_HARFBUZZ: 1
[2017.10.08-20.44.44:184][  0]LogInit: Selected Device Profile: [Windows]
[2017.10.08-20.44.46:067][  0]LogContentStreaming: Texture pool size is 0.00 MB
[2017.10.08-20.44.46:905][  0]LogMeshUtilities: Using QuadricMeshReduction for automatic static mesh reduction
[2017.10.08-20.44.47:061][  0]LogSimplygon: Simplygon DLL not present - disabling.
[2017.10.08-20.44.47:201][  0]LogMeshUtilities: Using SimplygonSwarm for distributed automatic mesh merging
[2017.10.08-20.44.47:201][  0]LogMeshUtilities: No automatic skeletal mesh reduction module available
[2017.10.08-20.44.47:201][  0]LogMeshUtilities: No automatic mesh merging module available
[2017.10.08-20.44.57:307][  0]LogNetVersion: MyProject , NetCL: 3452394, EngineNetVer: 2, GameNetVer: 0 (Checksum: 1111101373)
[2017.10.08-20.44.57:763][  0]LogAssetRegistry: FAssetRegistry took 0.0500 seconds to start up
[2017.10.08-20.44.58:690][  0]LogPackageLocalizationCache: Processed 4 localized package path(s) for 2 prioritized culture(s) in 0.680458 seconds
[2017.10.08-20.44.58:728][  0]LogUObjectArray: 34194 objects as part of root set at end of initial load.
[2017.10.08-20.44.58:728][  0]LogUObjectAllocator: 7260416 out of 0 bytes used by permanent object pool.
[2017.10.08-20.44.58:728][  0]LogUObjectArray: CloseDisregardForGC: 0/0 objects in disregard for GC pool
[2017.10.08-20.44.58:905][  0]LogInit: WinSock: version 1.1 (2.2), MaxSocks=32767, MaxUdp=65467
[2017.10.08-20.45.50:179][  0]LogTcpMessaging: Initializing TcpMessaging bridge
[2017.10.08-20.45.50:332][  0]LogUdpMessaging: Initializing bridge on interface 0.0.0.0:0 to multicast group 230.0.0.1:6666.
[2017.10.08-20.45.54:495][  0]LogMaterial: Uniform references updated for custom material expression Custom.
[2017.10.08-20.45.56:730][  0]SourceControl: Información El control de código fuente está desactivado
[2017.10.08-20.45.56:738][  0]SourceControl: Información El control de código fuente está desactivado
[2017.10.08-20.45.56:866][  0]SourceControl: Información El control de código fuente está desactivado
[2017.10.08-20.45.57:042][  0]SourceControl: Información El control de código fuente está desactivado
[2017.10.08-20.45.59:404][  0]LogAndroidPermission: UAndroidPermissionCallbackProxy::GetInstance
[2017.10.08-20.46.01:540][  0]LogEngine: Initializing Engine...
[2017.10.08-20.46.01:572][  0]LogHMD: Failed to initialize OpenVR with code 110
[2017.10.08-20.46.02:950][  0]LogStats: UGameplayTagsManager::ConstructGameplayTagTree: Construct from data asset -  0.000 s
[2017.10.08-20.46.02:951][  0]LogStats: UGameplayTagsManager::ConstructGameplayTagTree: GameplayTagTreeChangedEvent.Broadcast -  0.000 s
[2017.10.08-20.46.03:753][  0]LogAIModule: Creating AISystem for world Untitled
[2017.10.08-20.46.03:906][  0]LogInit: XAudio2 using 'Altavoces / Auriculares (Realtek High Definition Audio)' : 2 channels at 48 kHz using 32 bits per sample (channel mask 0x3)
[2017.10.08-20.46.03:985][  0]LogInit: FAudioDevice initialized.
[2017.10.08-20.46.04:835][  0]LogDerivedDataCache: Saved boot cache 0.85s 90MB C:/Users/RVR_/AppData/Local/UnrealEngine/4.16/DerivedDataCache/Boot.ddc.
[2017.10.08-20.46.04:851][  0]LogInit: Texture streaming: Enabled
[2017.10.08-20.46.05:252][  0]LogEngineSessionManager: EngineSessionManager initialized
[2017.10.08-20.46.05:252][  0]LogEngineSessionManager: EngineSessionManager sent abnormal shutdown report. Type=AbnormalShutdown, SessionId={4AECC219-4D1E-2652-641D-C9B50B9A6869}
[2017.10.08-20.46.07:389][  0]LogInit: Transaction tracking system initialized
[2017.10.08-20.46.08:870][  0]BlueprintLog: New page: Cargar el editor
[2017.10.08-20.46.13:877][  0]LocalizationService: Información Localization service is disabled
[2017.10.08-20.46.16:920][  0]LogConsoleResponse:Display: 
[2017.10.08-20.46.23:989][  0]LogFileCache: Scanning file cache for directory 'C:/Users/RVR_/Documents/Unreal Projects/MyProject/Content/' took 0.27s
[2017.10.08-20.46.23:989][  0]LogCook:Display: Max memory allowance for cook 16384mb min free memory 0mb
[2017.10.08-20.46.23:989][  0]LogCook:Display: Mobile HDR setting 1
[2017.10.08-20.46.27:795][  0]SourceControl: Información El control de código fuente está desactivado
[2017.10.08-20.46.28:660][  0]LogSlate: Took 0.052128 seconds to synchronously load lazily loaded font '../../../Engine/Content/Slate/Fonts/Roboto-Regular.ttf' (155K)
[2017.10.08-20.46.53:108][  0]LogWindowsTextInputMethodSystem:Display: IME system now deactivated.
[2017.10.08-20.46.53:143][  0]LogWindowsTextInputMethodSystem:Display: IME system now deactivated.
[2017.10.08-20.46.53:220][  0]Cmd: MAP LOAD FILE="../../../../../../Users/RVR_/Documents/Unreal Projects/MyProject/Content/FirstPersonBP/Maps/FirstPersonExampleMap.umap" TEMPLATE=0 SHOWPROGRESS=1 FEATURELEVEL=3
[2017.10.08-20.46.53:311][  0]LightingResults: New page: Diseñar la iluminación
[2017.10.08-20.46.53:526][  0]MapCheck: New page: Revisión del mapa
[2017.10.08-20.46.53:526][  0]LightingResults: New page: Diseñar la iluminación
[2017.10.08-20.47.01:171][  0]LogAIModule: Creating AISystem for world FirstPersonExampleMap
[2017.10.08-20.47.03:121][  0]LogEditorServer: Finished looking for orphan Actors (0.000 secs)
[2017.10.08-20.47.03:362][  0]Cmd: MAP CHECKDEP NOCLEARLOG
[2017.10.08-20.47.03:475][  0]MapCheck: Información Map check complete: 0 Error(s), 0 Warning(s), took 85.484ms to complete.
[2017.10.08-20.47.03:475][  0]LogFileHelpers: Loading map 'FirstPersonExampleMap' took 10.277
[2017.10.08-20.47.07:538][  0]LogStats:Warning: MetaData mismatch. Did you assign a stat to two groups? New //STATGROUP_Threads//SplashScreenThread///Thread_29f8_0///####STATCAT_Advanced#### old //STATGROUP_Threads//SplashScreenThread///Thread_1180_0///####STATCAT_Advanced####
[2017.10.08-20.47.07:538][  0]LogCollectionManager: Loaded 0 collections in 0.003510 seconds
[2017.10.08-20.47.08:304][  0]LogFileCache: Scanning file cache for directory 'C:/Users/RVR_/Documents/Unreal Projects/MyProject/Saved/Collections/' took 0.01s
[2017.10.08-20.47.08:304][  0]LogFileCache: Scanning file cache for directory 'C:/Users/RVR_/Documents/Unreal Projects/MyProject/Content/Developers/RVR/Collections/' took 0.01s
[2017.10.08-20.47.08:304][  0]LogFileCache: Scanning file cache for directory 'C:/Users/RVR_/Documents/Unreal Projects/MyProject/Content/Collections/' took 0.01s
[2017.10.08-20.47.08:304][  0]LogCollectionManager: Rebuilt the GUID cache for 0 collections in 0.000003 seconds
[2017.10.08-20.47.08:407][  0]LogContentBrowser: Native class hierarchy populated in 0.0729 seconds. Added 2329 classes and 491 folders.
[2017.10.08-20.47.08:630][  0]LogContentBrowser: Native class hierarchy updated for 'WidgetCarousel' in 0.0010 seconds. Added 0 classes and 0 folders.
[2017.10.08-20.47.11:667][  0]LogContentBrowser: Native class hierarchy updated for 'AddContentDialog' in 0.0010 seconds. Added 0 classes and 0 folders.
[2017.10.08-20.47.12:558][  0]LogContentBrowser: Native class hierarchy updated for 'SceneOutliner' in 0.0010 seconds. Added 1 classes and 2 folders.
[2017.10.08-20.47.15:932][  0]LogCrashTracker: Crashtracker disabled due to settings.
[2017.10.08-20.47.16:674][  0]LogSlate: Took 0.228652 seconds to synchronously load lazily loaded font '../../../Engine/Content/Slate/Fonts/Roboto-Bold.ttf' (160K)
[2017.10.08-20.47.16:943][  0]LogSlate: Took 0.120558 seconds to synchronously load lazily loaded font '../../../Engine/Content/Editor/Slate/Fonts/FontAwesome.ttf' (139K)
[2017.10.08-20.47.18:083][  0]LogRenderer: Reallocating scene render targets to support 804x372 NumSamples 1 (Frame:1).
[2017.10.08-20.47.21:315][  0]LogUObjectGlobals:Warning: Error al encontrar el objeto 'Class Ninguno.'
[2017.10.08-20.47.21:781][  0]LogContentBrowser: Native class hierarchy updated for 'HierarchicalLODOutliner' in 0.0010 seconds. Added 1 classes and 2 folders.
[2017.10.08-20.47.21:781][  0]LogLoad: (Engine Initialization) Total time: 219.52 seconds
[2017.10.08-20.47.21:781][  0]LogLoad: (Engine Initialization) Total Blueprint compile time: 1.24 seconds
[2017.10.08-20.47.21:781][  0]LogExternalProfiler: No external profilers were discovered.  External profiling features will not be available.
[2017.10.08-20.47.22:159][  0]LogOcInput: OculusInput pre-init called
[2017.10.08-20.47.22:160][  0]LogHMD: Starting GearVRController plugin
[2017.10.08-20.47.22:483][  0]LogContentStreaming: Texture pool size now 800 MB
[2017.10.08-20.47.23:071][  0]LogSlate: Took 0.209709 seconds to synchronously load lazily loaded font '../../../Engine/Content/Slate/Fonts/Roboto-Light.ttf' (159K)
[2017.10.08-20.47.24:391][  3]LogAssetRegistry: Asset discovery search completed in 146.6500 seconds
[2017.10.08-20.47.24:395][  3]LogCollectionManager: Rebuilt the object cache for 0 collections in 0.000000 seconds (found 0 objects)
[2017.10.08-20.47.24:395][  3]LogCollectionManager: Fixed up redirectors for 0 collections in 0.000041 seconds (updated 0 objects)
[2017.10.08-20.47.30:085][148]LogSlate: Took 0.000265 seconds to synchronously load lazily loaded font '../../../Engine/Content/Slate/Fonts/Roboto-Light.ttf' (159K)
[2017.10.08-20.47.31:018][148]LogSlate: Took 0.000263 seconds to synchronously load lazily loaded font '../../../Engine/Content/Slate/Fonts/Roboto-Regular.ttf' (155K)
[2017.10.08-20.47.38:167][148]LogAIModule: Creating AISystem for world RV_MAP
[2017.10.08-20.47.38:347][148]Cmd: MAP LOAD FILE="../../../../../../Users/RVR_/Documents/Unreal Projects/MyProject/Content/RV_MAP.umap" TEMPLATE=0 SHOWPROGRESS=1 FEATURELEVEL=3
[2017.10.08-20.47.38:348][148]LightingResults: New page: Diseñar la iluminación
[2017.10.08-20.47.38:349][148]LoadErrors: New page: Cargando mapa: RV_MAP.umap
[2017.10.08-20.47.38:350][148]MapCheck: New page: Revisión del mapa
[2017.10.08-20.47.38:350][148]LightingResults: New page: Diseñar la iluminación
[2017.10.08-20.47.40:304][148]LogEditorServer: Finished looking for orphan Actors (0.000 secs)
[2017.10.08-20.47.40:364][148]Cmd: MAP CHECKDEP NOCLEARLOG
[2017.10.08-20.47.40:491][148]MapCheck: Información Map check complete: 0 Error(s), 0 Warning(s), took 127.012ms to complete.
[2017.10.08-20.47.40:491][148]LogFileHelpers: Loading map 'RV_MAP' took 2.165
[2017.10.08-20.47.56:304][454]Cmd: CAMERA ALIGN ACTIVEVIEWPORTONLY
[2017.10.08-20.47.56:326][454]Can't find target actor or component.
[2017.10.08-20.48.04:257][606]LogTemp: Repeting last play command: New Editor Window (PIE)
[2017.10.08-20.48.04:682][606]LogPlayLevel: PlayLevel: No blueprints needed recompiling
[2017.10.08-20.48.04:727][606]PIE: New page: Sesión PIE (reproducción en el editor): RV_MAP (08/10/2017 10:48:04)
[2017.10.08-20.48.04:727][606]LogPlayLevel: Creating play world package: /Game/UEDPIE_0_RV_MAP
[2017.10.08-20.48.04:777][606]LogPlayLevel: PIE: StaticDuplicateObject took: (0.049476s)
[2017.10.08-20.48.04:778][606]LogAIModule: Creating AISystem for world RV_MAP
[2017.10.08-20.48.04:778][606]LogPlayLevel: PIE: World Init took: (0.001014s)
[2017.10.08-20.48.04:778][606]LogPlayLevel: PIE: Created PIE world by copying editor world from /Game/RV_MAP.RV_MAP to /Game/UEDPIE_0_RV_MAP.RV_MAP (0.050802s)
[2017.10.08-20.48.04:811][606]LogInit: XAudio2 using 'Altavoces / Auriculares (Realtek High Definition Audio)' : 2 channels at 48 kHz using 32 bits per sample (channel mask 0x3)
[2017.10.08-20.48.04:852][606]LogInit: FAudioDevice initialized.
[2017.10.08-20.48.04:920][606]LogLoad: Game class is 'FirstPersonGameMode_C'
[2017.10.08-20.48.04:948][606]LogWorld: Bringing World /Game/UEDPIE_0_RV_MAP.RV_MAP up for play (max tick rate 0) at 2017.10.08-15.48.04
[2017.10.08-20.48.04:948][606]LogWorld: Bringing up level for play took: 0.004829
[2017.10.08-20.48.05:150][606]LogContentBrowser: Native class hierarchy updated for 'MovieSceneCapture' in 0.0012 seconds. Added 11 classes and 0 folders.
[2017.10.08-20.48.05:204][606]PIE: Información Tiempo de inicio de la reproducción en el editor para  /Game/UEDPIE_0_RV_MAP 1.14
[2017.10.08-20.48.05:273][606]LogRenderer: Reallocating scene render targets to support 1124x656 NumSamples 1 (Frame:1).
[2017.10.08-20.58.35:105][937]LogTemp: Repeting last play command: New Editor Window (PIE)
[2017.10.08-20.58.35:150][937]LogPlayLevel: PlayLevel: No blueprints needed recompiling
[2017.10.08-20.58.35:150][937]PIE: New page: Sesión PIE (reproducción en el editor): RV_MAP (08/10/2017 10:58:35)
[2017.10.08-20.58.35:150][937]LogPlayLevel: Creating play world package: /Game/UEDPIE_0_RV_MAP
[2017.10.08-20.58.35:172][937]LogPlayLevel: PIE: StaticDuplicateObject took: (0.021337s)
[2017.10.08-20.58.35:173][937]LogAIModule: Creating AISystem for world RV_MAP
[2017.10.08-20.58.35:173][937]LogPlayLevel: PIE: World Init took: (0.001564s)
[2017.10.08-20.58.35:174][937]LogPlayLevel: PIE: Created PIE world by copying editor world from /Game/RV_MAP.RV_MAP to /Game/UEDPIE_0_RV_MAP.RV_MAP (0.023336s)
[2017.10.08-20.58.35:222][937]LogInit: XAudio2 using 'Altavoces / Auriculares (Realtek High Definition Audio)' : 2 channels at 48 kHz using 32 bits per sample (channel mask 0x3)
[2017.10.08-20.58.35:257][937]LogInit: FAudioDevice initialized.
[2017.10.08-20.58.35:313][937]LogLoad: Game class is 'FirstPersonGameMode_C'
[2017.10.08-20.58.35:319][937]LogWorld: Bringing World /Game/UEDPIE_0_RV_MAP.RV_MAP up for play (max tick rate 0) at 2017.10.08-15.58.35
[2017.10.08-20.58.35:319][937]LogWorld: Bringing up level for play took: 0.005563
[2017.10.08-20.58.35:331][937]PIE: Información Tiempo de inicio de la reproducción en el editor para  /Game/UEDPIE_0_RV_MAP -0.733
[2017.10.08-21.05.01:868][477]LogWindowsTextInputMethodSystem:Display: IME system now deactivated.
[2017.10.08-21.05.02:258][478]Cmd: QUIT_EDITOR
[2017.10.08-21.05.02:605][478]LogExit: Preparing to exit.
[2017.10.08-21.05.04:098][478]LogDirectoryWatcher: A directory notification for 'C:/Users/RVR_/Documents/Unreal Projects/MyProject/Content/' was aborted.
[2017.10.08-21.05.04:247][478]LogExit: Editor shut down
[2017.10.08-21.05.04:299][478]LogExit: Transaction tracking system shut down
[2017.10.08-21.05.04:796][478]LogObj: Freed 0b from 0 cluster array pools.
[2017.10.08-21.05.04:796][478]LogExit: Object subsystem successfully closed.
[2017.10.08-21.05.04:899][478]LogD3D11RHI: Shutdown
[2017.10.08-21.05.04:899][478]LogD3D11RHI: CleanupD3DDevice
[2017.10.08-21.05.05:337][478]LogD3D11RHI: ~FD3D11DynamicRHI
[2017.10.08-21.05.05:578][478]LogModuleManager: Shutting down and abandoning module MovieSceneCapture (526)
[2017.10.08-21.05.05:578][478]LogModuleManager: Shutting down and abandoning module HierarchicalLODOutliner (524)
[2017.10.08-21.05.05:578][478]LogModuleManager: Shutting down and abandoning module CrashTracker (522)
[2017.10.08-21.05.05:578][478]LogModuleManager: Shutting down and abandoning module SceneOutliner (520)
[2017.10.08-21.05.05:578][478]LogModuleManager: Shutting down and abandoning module AddContentDialog (518)
[2017.10.08-21.05.05:578][478]LogDirectoryWatcher: A directory notification for 'C:/Program Files/Epic Games/UE_4.16/FeaturePacks/' was aborted.
[2017.10.08-21.05.05:580][478]LogModuleManager: Shutting down and abandoning module WidgetCarousel (517)
[2017.10.08-21.05.05:580][478]LogModuleManager: Shutting down and abandoning module EditorWidgets (514)
[2017.10.08-21.05.05:580][478]LogModuleManager: Shutting down and abandoning module CollectionManager (512)
[2017.10.08-21.05.05:580][478]LogDirectoryWatcher: A directory notification for 'C:/Users/RVR_/Documents/Unreal Projects/MyProject/Content/Collections/' was aborted.
[2017.10.08-21.05.05:580][478]LogDirectoryWatcher: A directory notification for 'C:/Users/RVR_/Documents/Unreal Projects/MyProject/Content/Developers/RVR/Collections/' was aborted.
[2017.10.08-21.05.05:580][478]LogDirectoryWatcher: A directory notification for 'C:/Users/RVR_/Documents/Unreal Projects/MyProject/Saved/Collections/' was aborted.
[2017.10.08-21.05.05:580][478]LogModuleManager: Shutting down and abandoning module StatsViewer (510)
[2017.10.08-21.05.05:580][478]LogModuleManager: Shutting down and abandoning module FoliageEdit (508)
[2017.10.08-21.05.05:580][478]LogModuleManager: Shutting down and abandoning module LandscapeEditor (506)
[2017.10.08-21.05.05:583][478]LogModuleManager: Shutting down and abandoning module MeshPaintMode (504)
[2017.10.08-21.05.05:583][478]LogModuleManager: Shutting down and abandoning module SceneDepthPickerMode (502)
[2017.10.08-21.05.05:583][478]LogModuleManager: Shutting down and abandoning module ActorPickerMode (500)
[2017.10.08-21.05.05:583][478]LogModuleManager: Shutting down and abandoning module GeometryMode (498)
[2017.10.08-21.05.05:583][478]LogModuleManager: Shutting down and abandoning module TextureAlignMode (496)
[2017.10.08-21.05.05:583][478]LogModuleManager: Shutting down and abandoning module BspMode (494)
[2017.10.08-21.05.05:583][478]LogModuleManager: Shutting down and abandoning module HardwareSurvey (492)
[2017.10.08-21.05.05:583][478]LogModuleManager: Shutting down and abandoning module SequenceRecorderSections (490)
[2017.10.08-21.05.05:583][478]LogModuleManager: Shutting down and abandoning module AutomationWorker (488)
[2017.10.08-21.05.05:583][478]LogModuleManager: Shutting down and abandoning module MatineeToLevelSequence (486)
[2017.10.08-21.05.05:583][478]LogModuleManager: Shutting down and abandoning module LevelSequenceEditor (484)
[2017.10.08-21.05.05:595][478]LogModuleManager: Shutting down and abandoning module PlacementMode (483)
[2017.10.08-21.05.05:595][478]LogModuleManager: Shutting down and abandoning module WmfMediaFactory (480)
[2017.10.08-21.05.05:595][478]LogModuleManager: Shutting down and abandoning module WmfMediaEditor (478)
[2017.10.08-21.05.05:596][478]LogModuleManager: Shutting down and abandoning module AvfMediaFactory (476)
[2017.10.08-21.05.05:596][478]LogModuleManager: Shutting down and abandoning module AvfMediaEditor (474)
[2017.10.08-21.05.05:596][478]LogModuleManager: Shutting down and abandoning module AndroidMediaFactory (472)
[2017.10.08-21.05.05:596][478]LogModuleManager: Shutting down and abandoning module Media (471)
[2017.10.08-21.05.05:596][478]LogModuleManager: Shutting down and abandoning module AndroidMediaEditor (468)
[2017.10.08-21.05.05:596][478]LogModuleManager: Shutting down and abandoning module CharacterAI (466)
[2017.10.08-21.05.05:596][478]LogModuleManager: Shutting down and abandoning module AudioCapture (464)
[2017.10.08-21.05.05:596][478]LogModuleManager: Shutting down and abandoning module SequenceRecorder (463)
[2017.10.08-21.05.05:604][478]LogModuleManager: Shutting down and abandoning module SmartSnapping (460)
[2017.10.08-21.05.05:604][478]LogModuleManager: Shutting down and abandoning module SessionServices (458)
[2017.10.08-21.05.05:604][478]LogModuleManager: Shutting down and abandoning module ViewportSnapping (456)
[2017.10.08-21.05.05:604][478]LogModuleManager: Shutting down and abandoning module ViewportInteraction (454)
[2017.10.08-21.05.05:604][478]LogModuleManager: Shutting down and abandoning module ClothPainter (452)
[2017.10.08-21.05.05:648][478]LogModuleManager: Shutting down and abandoning module LogVisualizer (450)
[2017.10.08-21.05.05:656][478]LogModuleManager: Shutting down and abandoning module IntroTutorials (448)
[2017.10.08-21.05.05:657][478]LogModuleManager: Shutting down and abandoning module GameProjectGeneration (447)
[2017.10.08-21.05.05:671][478]LogModuleManager: Shutting down and abandoning module EditorLiveStreaming (444)
[2017.10.08-21.05.05:671][478]LogModuleManager: Shutting down and abandoning module IOSPlatformEditor (442)
[2017.10.08-21.05.05:681][478]LogModuleManager: Shutting down and abandoning module HTML5PlatformEditor (440)
[2017.10.08-21.05.05:681][478]LogModuleManager: Shutting down and abandoning module AndroidPlatformEditor (438)
[2017.10.08-21.05.05:681][478]LogModuleManager: Shutting down and abandoning module AndroidDeviceDetection (437)
[2017.10.08-21.05.06:342][478]LogModuleManager: Shutting down and abandoning module IOSRuntimeSettings (434)
[2017.10.08-21.05.06:342][478]LogModuleManager: Shutting down and abandoning module AndroidRuntimeSettings (432)
[2017.10.08-21.05.06:342][478]LogModuleManager: Shutting down and abandoning module InputBindingEditor (430)
[2017.10.08-21.05.06:400][478]LogModuleManager: Shutting down and abandoning module MergeActors (428)
[2017.10.08-21.05.06:408][478]LogModuleManager: Shutting down and abandoning module SizeMap (426)
[2017.10.08-21.05.06:408][478]LogModuleManager: Shutting down and abandoning module TreeMap (424)
[2017.10.08-21.05.06:413][478]LogModuleManager: Shutting down and abandoning module ReferenceViewer (422)
[2017.10.08-21.05.06:413][478]LogModuleManager: Shutting down and abandoning module LocalizationDashboard (420)
[2017.10.08-21.05.06:424][478]LogModuleManager: Shutting down and abandoning module LocalizationService (419)
[2017.10.08-21.05.06:424][478]LogModuleManager: Shutting down and abandoning module HardwareTargeting (416)
[2017.10.08-21.05.06:424][478]LogModuleManager: Shutting down and abandoning module DeviceProfileEditor (414)
[2017.10.08-21.05.06:434][478]LogModuleManager: Shutting down and abandoning module UndoHistory (412)
[2017.10.08-21.05.06:434][478]LogModuleManager: Shutting down and abandoning module UserFeedback (410)
[2017.10.08-21.05.06:434][478]LogModuleManager: Shutting down and abandoning module XmlParser (408)
[2017.10.08-21.05.06:434][478]LogModuleManager: Shutting down and abandoning module Blutility (406)
[2017.10.08-21.05.06:434][478]LogModuleManager: Shutting down and abandoning module ProjectSettingsViewer (404)
[2017.10.08-21.05.06:434][478]LogModuleManager: Shutting down and abandoning module ProjectTargetPlatformEditor (403)
[2017.10.08-21.05.06:434][478]LogModuleManager: Shutting down and abandoning module EditorSettingsViewer (400)
[2017.10.08-21.05.06:434][478]LogModuleManager: Shutting down and abandoning module SettingsEditor (398)
[2017.10.08-21.05.06:434][478]LogModuleManager: Shutting down and abandoning module ProjectLauncher (396)
[2017.10.08-21.05.06:466][478]LogModuleManager: Shutting down and abandoning module SessionFrontend (394)
[2017.10.08-21.05.06:478][478]LogModuleManager: Shutting down and abandoning module ProfilerClient (392)
[2017.10.08-21.05.06:491][478]LogModuleManager: Shutting down and abandoning module DeviceManager (390)
[2017.10.08-21.05.06:498][478]LogModuleManager: Shutting down and abandoning module TargetDeviceServices (389)
[2017.10.08-21.05.06:551][478]LogModuleManager: Shutting down and abandoning module AutomationController (386)
[2017.10.08-21.05.06:551][478]LogModuleManager: Shutting down and abandoning module AutomationWindow (384)
[2017.10.08-21.05.06:569][478]LogModuleManager: Shutting down and abandoning module Layers (382)
[2017.10.08-21.05.06:607][478]LogModuleManager: Shutting down and abandoning module ComponentVisualizers (380)
[2017.10.08-21.05.06:607][478]LogModuleManager: Shutting down and abandoning module DetailCustomizations (378)
[2017.10.08-21.05.06:615][478]LogModuleManager: Shutting down and abandoning module PackagesDialog (376)
[2017.10.08-21.05.06:628][478]LogModuleManager: Shutting down and abandoning module Persona (374)
[2017.10.08-21.05.06:632][478]LogModuleManager: Shutting down and abandoning module AdvancedPreviewScene (373)
[2017.10.08-21.05.06:632][478]LogModuleManager: Shutting down and abandoning module AnimGraph (371)
[2017.10.08-21.05.06:632][478]LogModuleManager: Shutting down and abandoning module Kismet (368)
[2017.10.08-21.05.06:633][478]LogModuleManager: Shutting down and abandoning module ClassViewer (366)
[2017.10.08-21.05.06:633][478]LogModuleManager: Shutting down and abandoning module Toolbox (364)
[2017.10.08-21.05.06:633][478]LogModuleManager: Shutting down and abandoning module ModuleUI (362)
[2017.10.08-21.05.06:643][478]LogModuleManager: Shutting down and abandoning module MovieSceneTools (360)
[2017.10.08-21.05.06:659][478]LogModuleManager: Shutting down and abandoning module OutputLog (358)
[2017.10.08-21.05.06:659][478]LogModuleManager: Shutting down and abandoning module GammaUI (356)
[2017.10.08-21.05.06:663][478]LogModuleManager: Shutting down and abandoning module Documentation (354)
[2017.10.08-21.05.06:663][478]LogModuleManager: Shutting down and abandoning module MovieSceneTracks (352)
[2017.10.08-21.05.06:663][478]LogModuleManager: Shutting down and abandoning module MovieScene (350)
[2017.10.08-21.05.06:663][478]LogModuleManager: Shutting down and abandoning module Niagara (348)
[2017.10.08-21.05.06:663][478]LogModuleManager: Shutting down and abandoning module NiagaraEditor (347)
[2017.10.08-21.05.06:681][478]LogModuleManager: Shutting down and abandoning module StreamingPauseRendering (344)
[2017.10.08-21.05.06:681][478]LogModuleManager: Shutting down and abandoning module AnalyticsET (342)
[2017.10.08-21.05.06:681][478]LogModuleManager: Shutting down and abandoning module PortalServices (340)
[2017.10.08-21.05.06:681][478]LogModuleManager: Shutting down and abandoning module PortalRpc (338)
[2017.10.08-21.05.06:681][478]LogModuleManager: Shutting down and abandoning module MessagingRpc (336)
[2017.10.08-21.05.06:681][478]LogModuleManager: Shutting down and abandoning module AIModule (334)
[2017.10.08-21.05.06:681][478]LogModuleManager: Shutting down and abandoning module GameplayDebugger (333)
[2017.10.08-21.05.06:681][478]LogModuleManager: Shutting down and abandoning module AITestSuite (331)
[2017.10.08-21.05.06:681][478]LogModuleManager: Shutting down and abandoning module ProfilerService (328)
[2017.10.08-21.05.06:724][478]LogModuleManager: Shutting down and abandoning module TaskGraph (326)
[2017.10.08-21.05.06:744][478]LogModuleManager: Shutting down and abandoning module SteamVRController (324)
[2017.10.08-21.05.06:744][478]LogModuleManager: Shutting down and abandoning module SteamVR (322)
[2017.10.08-21.05.06:744][478]LogModuleManager: Shutting down and abandoning module ProceduralMeshComponentEditor (320)
[2017.10.08-21.05.06:744][478]LogModuleManager: Shutting down and abandoning module ProceduralMeshComponent (318)
[2017.10.08-21.05.06:744][478]LogModuleManager: Shutting down and abandoning module OculusLibrary (316)
[2017.10.08-21.05.06:744][478]LogModuleManager: Shutting down and abandoning module OculusInput (314)
[2017.10.08-21.05.06:744][478]LogModuleManager: Shutting down and abandoning module MobilePatchingUtils (312)
[2017.10.08-21.05.06:744][478]LogModuleManager: Shutting down and abandoning module CustomMeshComponent (310)
[2017.10.08-21.05.06:744][478]LogModuleManager: Shutting down and abandoning module CableComponent (308)
[2017.10.08-21.05.06:744][478]LogModuleManager: Shutting down and abandoning module ArchVisCharacter (306)
[2017.10.08-21.05.06:744][478]LogModuleManager: Shutting down and abandoning module AndroidPermission (304)
[2017.10.08-21.05.06:744][478]LogModuleManager: Shutting down and abandoning module MediaPlayerEditor (300)
[2017.10.08-21.05.06:749][478]LogModuleManager: Shutting down and abandoning module HTML5Networking (298)
[2017.10.08-21.05.06:749][478]LogModuleManager: Shutting down and abandoning module AlembicImporter (296)
[2017.10.08-21.05.06:757][478]LogModuleManager: Shutting down and abandoning module AlembicLibrary (295)
[2017.10.08-21.05.06:757][478]LogModuleManager: Shutting down and abandoning module GeometryCache (294)
[2017.10.08-21.05.06:757][478]LogModuleManager: Shutting down and abandoning module GeometryCacheEd (293)
[2017.10.08-21.05.06:757][478]LogModuleManager: Shutting down and abandoning module SuperSearchEditor (288)
[2017.10.08-21.05.06:757][478]LogModuleManager: Shutting down and abandoning module SuperSearch (287)
[2017.10.08-21.05.06:757][478]LogModuleManager: Shutting down and abandoning module SpeedTreeImporter (284)
[2017.10.08-21.05.06:757][478]LogModuleManager: Shutting down and abandoning module PluginBrowser (282)
[2017.10.08-21.05.06:757][478]LogModuleManager: Shutting down and abandoning module MobileLauncherProfileWizard (280)
[2017.10.08-21.05.06:757][478]LogModuleManager: Shutting down and abandoning module VisualStudioSourceCodeAccess (278)
[2017.10.08-21.05.06:757][478]LogModuleManager: Shutting down and abandoning module DesktopPlatform (277)
[2017.10.08-21.05.06:757][478]LogModuleManager: Shutting down and abandoning module UObjectPlugin (274)
[2017.10.08-21.05.06:757][478]LogModuleManager: Shutting down and abandoning module SubversionSourceControl (272)
[2017.10.08-21.05.06:757][478]LogModuleManager: Shutting down and abandoning module PerforceSourceControl (270)
[2017.10.08-21.05.06:757][478]LogModuleManager: Shutting down and abandoning module GitSourceControl (268)
[2017.10.08-21.05.06:757][478]LogModuleManager: Shutting down and abandoning module SourceControl (267)
[2017.10.08-21.05.06:757][478]LogModuleManager: Shutting down and abandoning module LightPropagationVolumeEditor (264)
[2017.10.08-21.05.06:757][478]LogModuleManager: Shutting down and abandoning module PaperTiledImporter (262)
[2017.10.08-21.05.06:757][478]LogModuleManager: Shutting down and abandoning module PaperSpriteSheetImporter (260)
[2017.10.08-21.05.06:757][478]LogModuleManager: Shutting down and abandoning module Paper2DEditor (258)
[2017.10.08-21.05.06:758][478]LogModuleManager: Shutting down and abandoning module MeshPaint (257)
[2017.10.08-21.05.06:758][478]LogModuleManager: Shutting down and abandoning module LevelEditor (255)
[2017.10.08-21.05.06:759][478]LogModuleManager: Shutting down and abandoning module PixelInspectorModule (254)
[2017.10.08-21.05.06:759][478]LogModuleManager: Shutting down and abandoning module MainFrame (252)
[2017.10.08-21.05.06:759][478]LogModuleManager: Shutting down and abandoning module HotReload (251)
[2017.10.08-21.05.06:760][478]LogModuleManager: Shutting down and abandoning module PhysXVehiclesEditor (246)
[2017.10.08-21.05.06:760][478]LogModuleManager: Shutting down and abandoning module PhysXVehicles (244)
[2017.10.08-21.05.06:760][478]LogModuleManager: Shutting down and abandoning module LocationServicesBPLibrary (242)
[2017.10.08-21.05.06:760][478]LogModuleManager: Shutting down and abandoning module ImmediatePhysicsEditor (240)
[2017.10.08-21.05.06:760][478]LogModuleManager: Shutting down and abandoning module ImmediatePhysics (238)
[2017.10.08-21.05.06:760][478]LogModuleManager: Shutting down and abandoning module UdpMessaging (236)
[2017.10.08-21.05.06:861][478]LogModuleManager: Shutting down and abandoning module TcpMessaging (234)
[2017.10.08-21.05.06:961][478]LogModuleManager: Shutting down and abandoning module GameplayTagsEditor (232)
[2017.10.08-21.05.06:975][478]LogModuleManager: Shutting down and abandoning module FacialAnimationEditor (230)
[2017.10.08-21.05.06:976][478]LogModuleManager: Shutting down and abandoning module FacialAnimation (228)
[2017.10.08-21.05.06:976][478]LogModuleManager: Shutting down and abandoning module AssetManagerEditor (226)
[2017.10.08-21.05.06:988][478]LogModuleManager: Shutting down and abandoning module GraphEditor (225)
[2017.10.08-21.05.07:036][478]LogModuleManager: Shutting down and abandoning module ContentBrowser (223)
[2017.10.08-21.05.07:038][478]LogModuleManager: Shutting down and abandoning module LightPropagationVolumeRuntime (220)
[2017.10.08-21.05.07:038][478]LogModuleManager: Shutting down and abandoning module Paper2D (218)
[2017.10.08-21.05.07:050][478]LogModuleManager: Shutting down and abandoning module WindowsMoviePlayer (216)
[2017.10.08-21.05.07:050][478]LogModuleManager: Shutting down and abandoning module WmfMedia (214)
[2017.10.08-21.05.07:050][478]LogModuleManager: Shutting down and abandoning module ClothingSystemEditor (212)
[2017.10.08-21.05.07:050][478]LogModuleManager: Shutting down and abandoning module ClothingSystemRuntime (210)
[2017.10.08-21.05.07:063][478]LogModuleManager: Shutting down and abandoning module MediaAssets (208)
[2017.10.08-21.05.07:063][478]LogModuleManager: Shutting down and abandoning module GameLiveStreaming (206)
[2017.10.08-21.05.07:063][478]LogModuleManager: Shutting down and abandoning module VREditor (204)
[2017.10.08-21.05.07:063][478]LogModuleManager: Shutting down and abandoning module StringTableEditor (202)
[2017.10.08-21.05.07:077][478]LogModuleManager: Shutting down and abandoning module GameplayTasksEditor (200)
[2017.10.08-21.05.07:077][478]LogModuleManager: Shutting down and abandoning module BehaviorTreeEditor (198)
[2017.10.08-21.05.07:085][478]LogModuleManager: Shutting down and abandoning module FunctionalTesting (196)
[2017.10.08-21.05.07:085][478]LogModuleManager: Shutting down and abandoning module CollisionAnalyzer (194)
[2017.10.08-21.05.07:089][478]LogModuleManager: Shutting down and abandoning module UMG (192)
[2017.10.08-21.05.07:101][478]LogModuleManager: Shutting down and abandoning module UMGEditor (191)
[2017.10.08-21.05.07:125][478]LogModuleManager: Shutting down and abandoning module Sequencer (190)
[2017.10.08-21.05.07:136][478]LogModuleManager: Shutting down and abandoning module AssetTools (188)
[2017.10.08-21.05.07:187][478]LogModuleManager: Shutting down and abandoning module MessageLog (187)
[2017.10.08-21.05.07:188][478]LogModuleManager: Shutting down and abandoning module WorkspaceMenuStructure (186)
[2017.10.08-21.05.07:188][478]LogModuleManager: Shutting down and abandoning module SlateReflector (180)
[2017.10.08-21.05.07:221][478]LogModuleManager: Shutting down and abandoning module Slate (178)
[2017.10.08-21.05.07:221][478]LogModuleManager: Shutting down and abandoning module EditorStyle (176)
[2017.10.08-21.05.07:229][478]LogModuleManager: Shutting down and abandoning module SourceCodeAccess (174)
[2017.10.08-21.05.07:229][478]LogModuleManager: Shutting down and abandoning module HeadMountedDisplay (172)
[2017.10.08-21.05.07:229][478]LogModuleManager: Shutting down and abandoning module XAudio2 (170)
[2017.10.08-21.05.07:229][478]LogModuleManager: Shutting down and abandoning module Networking (168)
[2017.10.08-21.05.07:229][478]LogModuleManager: Shutting down and abandoning module Core (164)
[2017.10.08-21.05.07:229][478]LogModuleManager: Shutting down and abandoning module AssetRegistry (162)
[2017.10.08-21.05.07:487][478]LogDirectoryWatcher: A directory notification for '../../../Engine/Content/' was aborted.
[2017.10.08-21.05.07:487][478]LogDirectoryWatcher: A directory notification for '../../../../../../Users/RVR_/Documents/Unreal Projects/MyProject/Content/' was aborted.
[2017.10.08-21.05.07:487][478]LogDirectoryWatcher: A directory notification for '../../../Engine/Plugins/2D/Paper2D/Content/' was aborted.
[2017.10.08-21.05.07:487][478]LogDirectoryWatcher: A directory notification for '../../../Engine/Plugins/Runtime/GearVR/Content/' was aborted.
[2017.10.08-21.05.07:493][478]LogModuleManager: Shutting down and abandoning module DirectoryWatcher (161)
[2017.10.08-21.05.07:498][478]LogModuleManager: Shutting down and abandoning module KismetCompiler (158)
[2017.10.08-21.05.07:498][478]LogModuleManager: Shutting down and abandoning module LevelSequence (156)
[2017.10.08-21.05.07:498][478]LogModuleManager: Shutting down and abandoning module PhysXFormats (154)
[2017.10.08-21.05.07:498][478]LogModuleManager: Shutting down and abandoning module MeshUtilities (152)
[2017.10.08-21.05.07:498][478]LogModuleManager: Shutting down and abandoning module SimplygonSwarm (151)
[2017.10.08-21.05.07:498][478]LogModuleManager: Shutting down and abandoning module SimplygonMeshReduction (149)
[2017.10.08-21.05.07:498][478]LogModuleManager: Shutting down and abandoning module QuadricMeshReduction (147)
[2017.10.08-21.05.07:498][478]LogModuleManager: Shutting down and abandoning module DerivedDataCache (144)
[2017.10.08-21.05.07:507][478]LogDerivedDataCache: Shutdown
[2017.10.08-21.05.07:507][478]LogModuleManager: Shutting down and abandoning module TargetPlatform (142)
[2017.10.08-21.05.07:507][478]LogModuleManager: Shutting down and abandoning module VulkanShaderFormat (141)
[2017.10.08-21.05.07:507][478]LogModuleManager: Shutting down and abandoning module ShaderFormatVectorVM (139)
[2017.10.08-21.05.07:588][478]LogModuleManager: Shutting down and abandoning module ShaderFormatOpenGL (137)
[2017.10.08-21.05.07:618][478]LogModuleManager: Shutting down and abandoning module ShaderFormatD3D (135)
[2017.10.08-21.05.07:619][478]LogModuleManager: Shutting down and abandoning module MetalShaderFormat (133)
[2017.10.08-21.05.07:652][478]LogModuleManager: Shutting down and abandoning module TextureFormatUncompressed (131)
[2017.10.08-21.05.07:652][478]LogModuleManager: Shutting down and abandoning module TextureFormatPVR (129)
[2017.10.08-21.05.07:652][478]LogModuleManager: Shutting down and abandoning module TextureFormatDXT (127)
[2017.10.08-21.05.07:652][478]LogModuleManager: Shutting down and abandoning module TextureFormatIntelISPCTexComp (125)
[2017.10.08-21.05.07:653][478]LogModuleManager: Shutting down and abandoning module TextureFormatASTC (123)
[2017.10.08-21.05.07:653][478]LogModuleManager: Shutting down and abandoning module ImageWrapper (122)
[2017.10.08-21.05.07:653][478]LogModuleManager: Shutting down and abandoning module TextureFormatAndroid (119)
[2017.10.08-21.05.07:653][478]LogModuleManager: Shutting down and abandoning module AudioFormatOpus (117)
[2017.10.08-21.05.07:653][478]LogModuleManager: Shutting down and abandoning module AudioFormatOgg (115)
[2017.10.08-21.05.07:653][478]LogModuleManager: Shutting down and abandoning module AudioFormatADPCM (113)
[2017.10.08-21.05.07:653][478]LogModuleManager: Shutting down and abandoning module LinuxTargetPlatform (111)
[2017.10.08-21.05.07:653][478]LogModuleManager: Shutting down and abandoning module LinuxServerTargetPlatform (109)
[2017.10.08-21.05.07:653][478]LogModuleManager: Shutting down and abandoning module LinuxNoEditorTargetPlatform (107)
[2017.10.08-21.05.07:653][478]LogModuleManager: Shutting down and abandoning module LinuxClientTargetPlatform (105)
[2017.10.08-21.05.07:653][478]LogModuleManager: Shutting down and abandoning module TVOSTargetPlatform (103)
[2017.10.08-21.05.07:653][478]LogModuleManager: Shutting down and abandoning module Messaging (101)
[2017.10.08-21.05.07:653][478]LogModuleManager: Shutting down and abandoning module IOSTargetPlatform (99)
[2017.10.08-21.05.07:653][478]LogModuleManager: Shutting down and abandoning module HTML5TargetPlatform (97)
[2017.10.08-21.05.07:653][478]LogModuleManager: Shutting down and abandoning module Android_PVRTCTargetPlatform (95)
[2017.10.08-21.05.07:653][478]LogModuleManager: Shutting down and abandoning module Android_MultiTargetPlatform (93)
[2017.10.08-21.05.07:653][478]LogModuleManager: Shutting down and abandoning module Android_ETC2TargetPlatform (91)
[2017.10.08-21.05.07:653][478]LogModuleManager: Shutting down and abandoning module Android_ETC1TargetPlatform (89)
[2017.10.08-21.05.07:653][478]LogModuleManager: Shutting down and abandoning module Android_DXTTargetPlatform (87)
[2017.10.08-21.05.07:653][478]LogModuleManager: Shutting down and abandoning module Android_ATCTargetPlatform (85)
[2017.10.08-21.05.07:653][478]LogModuleManager: Shutting down and abandoning module Android_ASTCTargetPlatform (83)
[2017.10.08-21.05.07:653][478]LogModuleManager: Shutting down and abandoning module AndroidTargetPlatform (81)
[2017.10.08-21.05.07:654][478]LogModuleManager: Shutting down and abandoning module WindowsTargetPlatform (79)
[2017.10.08-21.05.07:654][478]LogModuleManager: Shutting down and abandoning module WindowsServerTargetPlatform (77)
[2017.10.08-21.05.07:654][478]LogModuleManager: Shutting down and abandoning module WindowsNoEditorTargetPlatform (75)
[2017.10.08-21.05.07:654][478]LogModuleManager: Shutting down and abandoning module WindowsClientTargetPlatform (73)
[2017.10.08-21.05.07:654][478]LogModuleManager: Shutting down and abandoning module MacTargetPlatform (71)
[2017.10.08-21.05.07:654][478]LogModuleManager: Shutting down and abandoning module MacServerTargetPlatform (69)
[2017.10.08-21.05.07:654][478]LogModuleManager: Shutting down and abandoning module MacNoEditorTargetPlatform (67)
[2017.10.08-21.05.07:654][478]LogModuleManager: Shutting down and abandoning module MacClientTargetPlatform (65)
[2017.10.08-21.05.07:654][478]LogModuleManager: Shutting down and abandoning module AllDesktopTargetPlatform (63)
[2017.10.08-21.05.07:654][478]LogModuleManager: Shutting down and abandoning module InputCore (60)
[2017.10.08-21.05.07:654][478]LogModuleManager: Shutting down and abandoning module Settings (58)
[2017.10.08-21.05.07:655][478]LogModuleManager: Shutting down and abandoning module OculusRift (56)
[2017.10.08-21.05.07:655][478]LogModuleManager: Shutting down and abandoning module GearVRController (54)
[2017.10.08-21.05.07:655][478]LogModuleManager: Shutting down and abandoning module GearVR (52)
[2017.10.08-21.05.07:655][478]LogModuleManager: Shutting down and abandoning module ExampleDeviceProfileSelector (50)
[2017.10.08-21.05.07:655][478]LogModuleManager: Shutting down and abandoning module OnlineBlueprintSupport (48)
[2017.10.08-21.05.07:655][478]LogModuleManager: Shutting down and abandoning module OnlineSubsystem (44)
[2017.10.08-21.05.07:655][478]LogOnline:Display: Unloading online subsystem: NULL
[2017.10.08-21.05.07:692][478]LogModuleManager: Shutting down and abandoning module XMPP (43)
[2017.10.08-21.05.07:708][478]LogModuleManager: Shutting down and abandoning module HTTP (41)
[2017.10.08-21.05.07:708][478]LogHttp:Display: Http module shutting down, but needs to wait on 1 outstanding Http requests:
[2017.10.08-21.05.07:773][478]LogHttp:Display: 	verb=[POST] url=[https://datarouter.ol.epicgames.com/datarouter/api/v1/public/data?SessionID=%7BF699FA1E-4803-5234-3FEA-CE97C3242D0B%7D&AppID=UEEditor.Rocket.Release&AppVersion=4.16.3-3561208%2B%2B%2BUE4%2BRelease-4.16&UserID=7a304c1d4c99287ef7003890882fe243%7Cd76f614f69494630b440deb4c22d72f0%7C374ec9fa-caf8-40c3-bad5-87ca9fa5caae&AppEnvironment=datacollector-binary&UploadType=eteventstream] status=Processing
[2017.10.08-21.05.07:809][478]LogModuleManager: Shutting down and abandoning module SSL (40)
[2017.10.08-21.05.07:813][478]LogModuleManager: Shutting down and abandoning module HTTPChunkInstaller (36)
[2017.10.08-21.05.08:020][478]LogModuleManager: Shutting down and abandoning module AnimationModifiers (34)
[2017.10.08-21.05.08:022][478]LogModuleManager: Shutting down and abandoning module PropertyEditor (33)
[2017.10.08-21.05.08:022][478]LogModuleManager: Shutting down and abandoning module AudioEditor (30)
[2017.10.08-21.05.08:049][478]LogModuleManager: Shutting down and abandoning module TextureCompressor (28)
[2017.10.08-21.05.08:050][478]LogModuleManager: Shutting down and abandoning module ShaderCore (26)
[2017.10.08-21.05.08:050][478]LogModuleManager: Shutting down and abandoning module Landscape (24)
[2017.10.08-21.05.08:050][478]LogModuleManager: Shutting down and abandoning module SlateRHIRenderer (22)
[2017.10.08-21.05.08:056][478]LogModuleManager: Shutting down and abandoning module OpenGLDrv (20)
[2017.10.08-21.05.08:079][478]LogModuleManager: Shutting down and abandoning module D3D11RHI (18)
[2017.10.08-21.05.08:079][478]LogModuleManager: Shutting down and abandoning module AnimGraphRuntime (16)
[2017.10.08-21.05.08:079][478]LogModuleManager: Shutting down and abandoning module Renderer (14)
[2017.10.08-21.05.08:079][478]LogModuleManager: Shutting down and abandoning module Engine (12)
[2017.10.08-21.05.08:079][478]LogModuleManager: Shutting down and abandoning module CoreUObject (10)
[2017.10.08-21.05.08:079][478]LogModuleManager: Shutting down and abandoning module NetworkFile (8)
[2017.10.08-21.05.08:079][478]LogModuleManager: Shutting down and abandoning module StreamingFile (6)
[2017.10.08-21.05.08:079][478]LogModuleManager: Shutting down and abandoning module SandboxFile (4)
[2017.10.08-21.05.08:079][478]LogModuleManager: Shutting down and abandoning module PakFile (2)
[2017.10.08-21.05.08:094][478]LogExit: Exiting.
[2017.10.08-21.05.08:135][478]Log file closed, 10/08/17 16:05:08
